#
# There is insufficient memory for the Java Runtime Environment to continue.
# Native memory allocation (mmap) failed to map 65536 bytes. Error detail: Failed to commit metaspace.
# Possible reasons:
#   The system is out of physical RAM or swap space
#   This process is running with CompressedOops enabled, and the Java Heap may be blocking the growth of the native heap
# Possible solutions:
#   Reduce memory load on the system
#   Increase physical memory or swap space
#   Check if swap backing store is full
#   Decrease Java heap size (-Xmx/-Xms)
#   Decrease number of Java threads
#   Decrease Java thread stack sizes (-Xss)
#   Set larger code cache with -XX:ReservedCodeCacheSize=
#   JVM is running with Unscaled Compressed Oops mode in which the Java heap is
#     placed in the first 4GB address space. The Java Heap base address is the
#     maximum limit for the native heap growth. Please use -XX:HeapBaseMinAddress
#     to set the Java Heap base and to place the Java Heap above 4GB virtual address.
# This output file may be truncated or incomplete.
#
#  Out of Memory Error (virtualSpaceNode.cpp:113), pid=15396, tid=3880
#
# JRE version: OpenJDK Runtime Environment Temurin-21.0.9+10 (21.0.9+10) (build 21.0.9+10-LTS)
# Java VM: OpenJDK 64-Bit Server VM Temurin-21.0.9+10 (21.0.9+10-LTS, mixed mode, sharing, tiered, compressed oops, compressed class ptrs, parallel gc, windows-amd64)
# No core dump will be written. Minidumps are not enabled by default on client versions of Windows
#

---------------  S U M M A R Y ------------

Command Line: --add-modules=ALL-SYSTEM --add-opens=java.base/java.util=ALL-UNNAMED --add-opens=java.base/java.lang=ALL-UNNAMED --add-opens=java.base/sun.nio.fs=ALL-UNNAMED -Declipse.application=org.eclipse.jdt.ls.core.id1 -Dosgi.bundles.defaultStartLevel=4 -Declipse.product=org.eclipse.jdt.ls.core.product -Djava.import.generatesMetadataFilesAtProjectRoot=false -DDetectVMInstallationsJob.disabled=true -Dfile.encoding=utf8 -XX:+UseParallelGC -XX:GCTimeRatio=4 -XX:AdaptiveSizePolicyWeight=90 -Dsun.zip.disableMemoryMapping=true -Xmx2G -Xms100m -Xlog:disable -javaagent:c:\Users\HB\.vscode\extensions\redhat.java-1.50.0-win32-x64\lombok\lombok-1.18.39-4050.jar c:\Users\HB\.vscode\extensions\redhat.java-1.50.0-win32-x64\server\plugins\org.eclipse.equinox.launcher_1.7.100.v20251111-0406.jar -configuration c:\Users\HB\AppData\Roaming\Code\User\globalStorage\redhat.java\1.50.0\config_ss_win -data c:\Users\HB\AppData\Roaming\Code\User\workspaceStorage\bdcaf44b64d1ad0bebbba605ad786cd5\redhat.java\ss_ws --pipe=\\.\pipe\lsp-338b57810457fe9e48a026e4447e3e41-sock

Host: AMD Ryzen 5 3500U with Radeon Vega Mobile Gfx  , 8 cores, 6G,  Windows 10 , 64 bit Build 19041 (10.0.19041.5915)
Time: Mon Dec 29 06:50:35 2025 Paris, Madrid elapsed time: 6.559469 seconds (0d 0h 0m 6s)

---------------  T H R E A D  ---------------

Current thread (0x000001b10f2f2ca0):  JavaThread "Start Level: Equinox Container: 05e53ab3-0855-404b-9383-04621f2a5e4a" daemon [_thread_in_vm, id=3880, stack(0x0000004c49800000,0x0000004c49900000) (1024K)]

Stack: [0x0000004c49800000,0x0000004c49900000]
Native frames: (J=compiled Java code, j=interpreted, Vv=VM code, C=native code)
V  [jvm.dll+0x6d6e29]
V  [jvm.dll+0x8b4b76]
V  [jvm.dll+0x8b712e]
V  [jvm.dll+0x8b7813]
V  [jvm.dll+0x283d86]
V  [jvm.dll+0x8b08be]
V  [jvm.dll+0x678824]
V  [jvm.dll+0x67888a]
V  [jvm.dll+0x67b086]
V  [jvm.dll+0x67af52]
V  [jvm.dll+0x6791fe]
V  [jvm.dll+0x26f054]
V  [jvm.dll+0x219d5f]
V  [jvm.dll+0x20f44e]
V  [jvm.dll+0x5b5a0f]
V  [jvm.dll+0x2210ce]
V  [jvm.dll+0x82d53d]
V  [jvm.dll+0x82e56b]
V  [jvm.dll+0x82eb34]
V  [jvm.dll+0x82e7c8]
V  [jvm.dll+0x2716ad]
V  [jvm.dll+0x3df8cf]
C  0x000001b0bbf19835

The last pc belongs to instanceof (printed below).
Java frames: (J=compiled Java code, j=interpreted, Vv=VM code)
j  sun.nio.ch.Streams.of(Ljava/nio/channels/ReadableByteChannel;)Ljava/io/InputStream;+1 java.base@21.0.9
j  java.nio.channels.Channels.newInputStream(Ljava/nio/channels/ReadableByteChannel;)Ljava/io/InputStream;+8 java.base@21.0.9
j  java.nio.file.Files.readAllBytes(Ljava/nio/file/Path;)[B+10 java.base@21.0.9
j  org.eclipse.core.internal.filesystem.local.LocalFile.readAllBytes(ILorg/eclipse/core/runtime/IProgressMonitor;)[B+7
j  org.eclipse.core.internal.localstore.FileSystemResourceManager.readAllBytes(Lorg/eclipse/core/resources/IFile;ZLorg/eclipse/core/runtime/IProgressMonitor;)[B+12
j  org.eclipse.core.internal.resources.File.readAllBytes()[B+33
j  org.eclipse.jdt.internal.core.util.Util.getResourceContentsAsByteArray(Lorg/eclipse/core/resources/IFile;)[B+1
j  org.eclipse.jdt.internal.core.JavaProject.readFileEntriesWithException(Ljava/util/Map;)[[Lorg/eclipse/jdt/core/IClasspathEntry;+22
j  org.eclipse.jdt.internal.core.JavaModelManager$PerProjectInfo.readAndCacheClasspath(Lorg/eclipse/jdt/internal/core/JavaProject;)[[Lorg/eclipse/jdt/core/IClasspathEntry;+2
j  org.eclipse.jdt.internal.core.JavaProject.resolveClasspath(Lorg/eclipse/jdt/internal/core/JavaModelManager$PerProjectInfo;ZZ)V+72
j  org.eclipse.jdt.internal.core.DeltaProcessingState.getRootInfos(Z)Lorg/eclipse/jdt/internal/core/DeltaProcessingState$RootInfos;+75
j  org.eclipse.jdt.internal.core.DeltaProcessingState.initializeRootsWithPreviousSession()V+2
j  org.eclipse.jdt.internal.core.JavaModelManager.startup()V+141
j  org.eclipse.jdt.core.JavaCore.start(Lorg/osgi/framework/BundleContext;)V+12
j  org.eclipse.osgi.internal.framework.BundleContextImpl$2.run()Ljava/lang/Void;+23
j  org.eclipse.osgi.internal.framework.BundleContextImpl$2.run()Ljava/lang/Object;+1
J 1152 c1 java.security.AccessController.executePrivileged(Ljava/security/PrivilegedExceptionAction;Ljava/security/AccessControlContext;Ljava/lang/Class;)Ljava/lang/Object; java.base@21.0.9 (65 bytes) @ 0x000001b0b4ba64c4 [0x000001b0b4ba6360+0x0000000000000164]
j  java.security.AccessController.doPrivileged(Ljava/security/PrivilegedExceptionAction;)Ljava/lang/Object;+9 java.base@21.0.9
j  org.eclipse.osgi.internal.framework.BundleContextImpl.startActivator(Lorg/osgi/framework/BundleActivator;)V+9
j  org.eclipse.osgi.internal.framework.BundleContextImpl.start()V+141
j  org.eclipse.osgi.internal.framework.EquinoxBundle.startWorker0()V+35
j  org.eclipse.osgi.internal.framework.EquinoxBundle$EquinoxModule.startWorker()V+4
j  org.eclipse.osgi.container.Module.doStart([Lorg/eclipse/osgi/container/Module$StartOptions;)Lorg/eclipse/osgi/container/ModuleContainerAdaptor$ModuleEvent;+200
j  org.eclipse.osgi.container.Module.start([Lorg/eclipse/osgi/container/Module$StartOptions;)V+460
J 2590 c1 org.eclipse.osgi.framework.util.SecureAction.start(Lorg/eclipse/osgi/container/Module;[Lorg/eclipse/osgi/container/Module$StartOptions;)V (61 bytes) @ 0x000001b0b4e9fc9c [0x000001b0b4e9fae0+0x00000000000001bc]
J 1930 c1 org.eclipse.osgi.internal.hooks.EclipseLazyStarter.postFindLocalClass(Ljava/lang/String;Ljava/lang/Class;Lorg/eclipse/osgi/internal/loader/classpath/ClasspathManager;)V (394 bytes) @ 0x000001b0b4d4c814 [0x000001b0b4d4b840+0x0000000000000fd4]
J 2047 c1 org.eclipse.osgi.internal.loader.classpath.ClasspathManager.findLocalClass(Ljava/lang/String;)Ljava/lang/Class; (210 bytes) @ 0x000001b0b4d7ed74 [0x000001b0b4d7dd60+0x0000000000001014]
J 1928 c1 org.eclipse.osgi.internal.loader.BundleLoader.findLocalClass(Ljava/lang/String;)Ljava/lang/Class; (159 bytes) @ 0x000001b0b4d49054 [0x000001b0b4d48460+0x0000000000000bf4]
J 2445 c1 org.eclipse.osgi.internal.loader.sources.SingleSourcePackage.loadClass(Ljava/lang/String;)Ljava/lang/Class; (9 bytes) @ 0x000001b0b4e66934 [0x000001b0b4e668c0+0x0000000000000074]
J 1824 c1 org.eclipse.osgi.internal.loader.BundleLoader.findClass0(Ljava/lang/String;ZZ)Ljava/lang/Class; (490 bytes) @ 0x000001b0b4d16b9c [0x000001b0b4d13ae0+0x00000000000030bc]
J 1823 c1 org.eclipse.osgi.internal.loader.BundleLoader.findClass(Ljava/lang/String;)Ljava/lang/Class; (8 bytes) @ 0x000001b0b4d130cc [0x000001b0b4d13040+0x000000000000008c]
J 1827 c1 org.eclipse.osgi.internal.loader.ModuleClassLoader.loadClass(Ljava/lang/String;Z)Ljava/lang/Class; (36 bytes) @ 0x000001b0b4d1ab4c [0x000001b0b4d1a920+0x000000000000022c]
J 1007 c1 java.lang.ClassLoader.loadClass(Ljava/lang/String;)Ljava/lang/Class; java.base@21.0.9 (7 bytes) @ 0x000001b0b4b66e54 [0x000001b0b4b66d40+0x0000000000000114]
v  ~StubRoutines::call_stub 0x000001b0bbf0100d
j  java.lang.Class.getDeclaredConstructors0(Z)[Ljava/lang/reflect/Constructor;+0 java.base@21.0.9
j  java.lang.Class.privateGetDeclaredConstructors(Z)[Ljava/lang/reflect/Constructor;+52 java.base@21.0.9
j  java.lang.Class.getConstructor0([Ljava/lang/Class;I)Ljava/lang/reflect/Constructor;+14 java.base@21.0.9
j  java.lang.Class.getConstructor([Ljava/lang/Class;)Ljava/lang/reflect/Constructor;+24 java.base@21.0.9
j  org.eclipse.osgi.internal.framework.BundleContextImpl.loadBundleActivator()Lorg/osgi/framework/BundleActivator;+105
j  org.eclipse.osgi.internal.framework.BundleContextImpl.start()V+18
j  org.eclipse.osgi.internal.framework.EquinoxBundle.startWorker0()V+35
j  org.eclipse.osgi.internal.framework.EquinoxBundle$EquinoxModule.startWorker()V+4
j  org.eclipse.osgi.container.Module.doStart([Lorg/eclipse/osgi/container/Module$StartOptions;)Lorg/eclipse/osgi/container/ModuleContainerAdaptor$ModuleEvent;+200
j  org.eclipse.osgi.container.Module.start([Lorg/eclipse/osgi/container/Module$StartOptions;)V+460
j  org.eclipse.osgi.container.ModuleContainer$ContainerStartLevel$2.run()V+83
j  org.eclipse.osgi.internal.framework.EquinoxContainerAdaptor$1$1.execute(Ljava/lang/Runnable;)V+1
j  org.eclipse.osgi.container.ModuleContainer$ContainerStartLevel.incStartLevel(ILjava/util/List;Z)V+193
j  org.eclipse.osgi.container.ModuleContainer$ContainerStartLevel.incStartLevel(ILjava/util/List;Ljava/util/List;Ljava/util/List;Ljava/util/List;)V+19
j  org.eclipse.osgi.container.ModuleContainer$ContainerStartLevel.doContainerStartLevel(Lorg/eclipse/osgi/container/Module;I[Lorg/osgi/framework/FrameworkListener;)V+358
j  org.eclipse.osgi.container.ModuleContainer$ContainerStartLevel.dispatchEvent(Lorg/eclipse/osgi/container/Module;[Lorg/osgi/framework/FrameworkListener;ILjava/lang/Integer;)V+32
j  org.eclipse.osgi.container.ModuleContainer$ContainerStartLevel.dispatchEvent(Ljava/lang/Object;Ljava/lang/Object;ILjava/lang/Object;)V+15
j  org.eclipse.osgi.framework.eventmgr.EventManager.dispatchEvent(Ljava/util/Set;Lorg/eclipse/osgi/framework/eventmgr/EventDispatcher;ILjava/lang/Object;)V+48
j  org.eclipse.osgi.framework.eventmgr.EventManager$EventThread.run()V+26
v  ~StubRoutines::call_stub 0x000001b0bbf0100d
instanceof  193 instanceof  [0x000001b0bbf197c0, 0x000001b0bbf19a08]  584 bytes
[MachCode]
  0x000001b0bbf197c0: 5848 85c0 | 0f84 0702 | 0000 488b | 4de8 488b | 4908 488b | 4908 488b | 5108 410f | b75d 010f 
  0x000001b0bbf197e0: cbc1 eb10 | 807c 1a04 | 070f 84c6 | 0000 0050 | e805 0000 | 00e9 9600 | 0000 488d | 4424 084c 
  0x000001b0bbf19800: 896d c049 | 8bcf c5f8 | 7749 89af | a803 0000 | 4989 8798 | 0300 0048 | 83ec 2040 | f6c4 0f0f 
  0x000001b0bbf19820: 8419 0000 | 0048 83ec | 0848 b8e0 | f739 56f8 | 7f00 00ff | d048 83c4 | 08e9 0c00 | 0000 48b8 
  0x000001b0bbf19840: e0f7 3956 | f87f 0000 | ffd0 4883 | c420 49c7 | 8798 0300 | 0000 0000 | 0049 c787 | a803 0000 
  0x000001b0bbf19860: 0000 0000 | 49c7 87a0 | 0300 0000 | 0000 00c5 | f877 4983 | 7f08 000f | 8405 0000 | 00e9 7e76 
  0x000001b0bbf19880: feff 4c8b | 6dc0 4c8b | 75c8 4e8d | 74f5 00c3 | 498b 87f8 | 0300 0049 | c787 f803 | 0000 0000 
  0x000001b0bbf198a0: 0000 5a8b | 5208 49ba | 0000 00c9 | b001 0000 | 4903 d2eb | 1e8b 5008 | 49ba 0000 | 00c9 b001 
  0x000001b0bbf198c0: 0000 4903 | d266 8b5c | d948 488b | 4928 488b | 44d9 0848 | 8b4d d848 | 85c9 0f84 | 8a00 0000 
  0x000001b0bbf198e0: 488b 7918 | 483b fa0f | 850f 0000 | 0048 8341 | 2001 4883 | 5920 00e9 | 6600 0000 | 4885 ff0f 
  0x000001b0bbf19900: 8437 0000 | 0048 8b79 | 2848 3bfa | 0f85 0f00 | 0000 4883 | 4130 0148 | 8359 3000 | e941 0000 
  0x000001b0bbf19920: 0048 85ff | 0f85 3800 | 0000 4889 | 5128 bf01 | 0000 0048 | 8979 30e9 | 2600 0000 | 483b 5128 
  0x000001b0bbf19940: 0f85 0f00 | 0000 4883 | 4130 0148 | 8359 3000 | e90d 0000 | 0048 8951 | 18bf 0100 | 0000 4889 
  0x000001b0bbf19960: 7920 4883 | c138 4889 | 4dd8 483b | d00f 8454 | 0000 008b | 4814 483b | 040a 0f84 | 4700 0000 
  0x000001b0bbf19980: 83f9 200f | 851d 0000 | 0057 488b | 7a28 8b0f | 4883 c708 | 4885 c0f2 | 48af 5f75 | 0948 8942 
  0x000001b0bbf199a0: 20e9 2100 | 0000 488b | 4dd8 4885 | c90f 8410 | 0000 0048 | 8341 d0ff | 0f88 0500 | 0000 4883 
  0x000001b0bbf199c0: 41d0 0133 | c0eb 23b8 | 0100 0000 | e919 0000 | 0048 8b4d | d848 85c9 | 0f84 0c00 | 0000 8049 
  0x000001b0bbf199e0: 0101 4883 | c138 4889 | 4dd8 410f | b65d 0349 | 83c5 0349 | ba30 f5c8 | 56f8 7f00 | 0041 ff24 
  0x000001b0bbf19a00: da0f 1f80 | 0000 0000 
[/MachCode]

Compiled method (c1) 6596 1152       3       java.security.AccessController::executePrivileged (65 bytes)
 total in heap  [0x000001b0b4ba6190,0x000001b0b4ba6780] = 1520
 relocation     [0x000001b0b4ba62f0,0x000001b0b4ba6358] = 104
 main code      [0x000001b0b4ba6360,0x000001b0b4ba6608] = 680
 stub code      [0x000001b0b4ba6608,0x000001b0b4ba6660] = 88
 metadata       [0x000001b0b4ba6660,0x000001b0b4ba6670] = 16
 scopes data    [0x000001b0b4ba6670,0x000001b0b4ba66e8] = 120
 scopes pcs     [0x000001b0b4ba66e8,0x000001b0b4ba6768] = 128
 dependencies   [0x000001b0b4ba6768,0x000001b0b4ba6770] = 8
 nul chk table  [0x000001b0b4ba6770,0x000001b0b4ba6780] = 16

[Constant Pool (empty)]

[MachCode]
[Verified Entry Point]
  # {method} {0x000001b0c94724f0} 'executePrivileged' '(Ljava/security/PrivilegedExceptionAction;Ljava/security/AccessControlContext;Ljava/lang/Class;)Ljava/lang/Object;' in 'java/security/AccessController'
  # parm0:    rdx:rdx   = 'java/security/PrivilegedExceptionAction'
  # parm1:    r8:r8     = 'java/security/AccessControlContext'
  # parm2:    r9:r9     = 'java/lang/Class'
  #           [sp+0x50]  (sp of caller)
  0x000001b0b4ba6360: 8984 2400 | 80ff ff55 | 4883 ec40 | 4181 7f20 | 0200 0000 

  0x000001b0b4ba6374: ;   {runtime_call StubRoutines (final stubs)}
  0x000001b0b4ba6374: 7405 e865 | 2639 074c | 8944 2430 

  0x000001b0b4ba6380: ;   {metadata(method data for {method} {0x000001b0c94724f0} 'executePrivileged' '(Ljava/security/PrivilegedExceptionAction;Ljava/security/AccessControlContext;Ljava/lang/Class;)Ljava/lang/Object;' in 'java/security/AccessController')}
  0x000001b0b4ba6380: 48be 987a | 310b b101 | 0000 8bbe | cc00 0000 | 83c7 0289 | becc 0000 | 0081 e7fe | 0700 0085 
  0x000001b0b4ba63a0: ff0f 84bf | 0100 004d 

  0x000001b0b4ba63a8: ;   {metadata(method data for {method} {0x000001b0c94724f0} 'executePrivileged' '(Ljava/security/PrivilegedExceptionAction;Ljava/security/AccessControlContext;Ljava/lang/Class;)Ljava/lang/Object;' in 'java/security/AccessController')}
  0x000001b0b4ba63a8: 85c0 48be | 987a 310b | b101 0000 | 48c7 c710 | 0100 0074 | 0748 c7c7 | 2001 0000 | 488b 1c3e 
  0x000001b0b4ba63c8: 488d 5b01 | 4889 1c3e | 4c89 4c24 | 2848 8954 | 2420 0f84 | 2400 0000 

  0x000001b0b4ba63e0: ;   {metadata(method data for {method} {0x000001b0c94724f0} 'executePrivileged' '(Ljava/security/PrivilegedExceptionAction;Ljava/security/AccessControlContext;Ljava/lang/Class;)Ljava/lang/Object;' in 'java/security/AccessController')}
  0x000001b0b4ba63e0: 48be 987a | 310b b101 | 0000 4883 | 8630 0100 | 0001 498b 

  0x000001b0b4ba63f4: ;   {static_call}
  0x000001b0b4ba63f4: d066 90e8 

  0x000001b0b4ba63f8: ; ImmutableOopMap {[32]=Oop [40]=Oop [48]=Oop }
                      ;*invokestatic ensureMaterializedForStackWalk {reexecute=0 rethrow=0 return_oop=0}
                      ; - java.security.AccessController::executePrivileged@5
  0x000001b0b4ba63f8: 64a2 9607 

  0x000001b0b4ba63fc: ;   {other}
  0x000001b0b4ba63fc: 0f1f 8400 | 6c02 0000 

  0x000001b0b4ba6404: ;   {metadata(method data for {method} {0x000001b0c94724f0} 'executePrivileged' '(Ljava/security/PrivilegedExceptionAction;Ljava/security/AccessControlContext;Ljava/lang/Class;)Ljava/lang/Object;' in 'java/security/AccessController')}
  0x000001b0b4ba6404: 48ba 987a | 310b b101 | 0000 ff82 | 4001 0000 | 488b 5424 | 2048 3b02 

  0x000001b0b4ba641c: ;   {metadata(method data for {method} {0x000001b0c94724f0} 'executePrivileged' '(Ljava/security/PrivilegedExceptionAction;Ljava/security/AccessControlContext;Ljava/lang/Class;)Ljava/lang/Object;' in 'java/security/AccessController')}
  0x000001b0b4ba641c: 488b f248 | bf98 7a31 | 0bb1 0100 | 008b 7608 | 49ba 0000 | 00c9 b001 | 0000 4903 | f248 3bb7 
  0x000001b0b4ba643c: b001 0000 | 750d 4883 | 87b8 0100 | 0001 e960 | 0000 0048 | 3bb7 c001 | 0000 750d | 4883 87c8 
  0x000001b0b4ba645c: 0100 0001 | e94a 0000 | 0048 83bf | b001 0000 | 0075 1748 | 89b7 b001 | 0000 48c7 | 87b8 0100 
  0x000001b0b4ba647c: 0001 0000 | 00e9 2900 | 0000 4883 | bfc0 0100 | 0000 7517 | 4889 b7c0 | 0100 0048 | c787 c801 
  0x000001b0b4ba649c: 0000 0100 | 0000 e908 | 0000 0048 | 8387 a001 | 0000 0166 | 0f1f 4400 | 0048 b8d0 | 8a61 0fb1 
  0x000001b0b4ba64bc: ;   {virtual_call}
  0x000001b0b4ba64bc: 0100 00e8 

  0x000001b0b4ba64c0: ; ImmutableOopMap {[40]=Oop [48]=Oop }
                      ;*invokeinterface run {reexecute=0 rethrow=0 return_oop=0}
                      ; - java.security.AccessController::executePrivileged@29
  0x000001b0b4ba64c0: cc11 4607 

  0x000001b0b4ba64c4: ;   {other}
  0x000001b0b4ba64c4: 0f1f 8400 | 3403 0001 

  0x000001b0b4ba64cc: ;   {metadata(method data for {method} {0x000001b0c94724f0} 'executePrivileged' '(Ljava/security/PrivilegedExceptionAction;Ljava/security/AccessControlContext;Ljava/lang/Class;)Ljava/lang/Object;' in 'java/security/AccessController')}
  0x000001b0b4ba64cc: 48be 987a | 310b b101 | 0000 ff86 | d801 0000 | 4c8b 4c24 

  0x000001b0b4ba64e0: ;   {metadata(method data for {method} {0x000001b0c94724f0} 'executePrivileged' '(Ljava/security/PrivilegedExceptionAction;Ljava/security/AccessControlContext;Ljava/lang/Class;)Ljava/lang/Object;' in 'java/security/AccessController')}
  0x000001b0b4ba64e0: 2848 be98 | 7a31 0bb1 | 0100 0048 | 8386 3802 

  0x000001b0b4ba64f0: ;   {metadata(method data for {method} {0x000001b0c903d898} 'reachabilityFence' '(Ljava/lang/Object;)V' in 'java/lang/ref/Reference')}
  0x000001b0b4ba64f0: 0000 0148 | bea0 e405 | 0bb1 0100 | 008b becc | 0000 0083 | c702 89be | cc00 0000 | 81e7 feff 
  0x000001b0b4ba6510: 1f00 85ff | 0f84 7200 

  0x000001b0b4ba6518: ;   {metadata(method data for {method} {0x000001b0c94724f0} 'executePrivileged' '(Ljava/security/PrivilegedExceptionAction;Ljava/security/AccessControlContext;Ljava/lang/Class;)Ljava/lang/Object;' in 'java/security/AccessController')}
  0x000001b0b4ba6518: 0000 48be | 987a 310b | b101 0000 | 4883 8648 | 0200 0001 

  0x000001b0b4ba652c: ;   {metadata(method data for {method} {0x000001b0c903d898} 'reachabilityFence' '(Ljava/lang/Object;)V' in 'java/lang/ref/Reference')}
  0x000001b0b4ba652c: 48be a0e4 | 050b b101 | 0000 8bbe | cc00 0000 | 83c7 0289 | becc 0000 | 0081 e7fe | ff1f 0085 
  0x000001b0b4ba654c: ff0f 845a | 0000 0048 | 83c4 405d 

  0x000001b0b4ba6558: ;   {poll_return}
  0x000001b0b4ba6558: 493b a748 | 0400 000f | 8766 0000 

  0x000001b0b4ba6564: ;   {metadata({method} {0x000001b0c94724f0} 'executePrivileged' '(Ljava/security/PrivilegedExceptionAction;Ljava/security/AccessControlContext;Ljava/lang/Class;)Ljava/lang/Object;' in 'java/security/AccessController')}
  0x000001b0b4ba6564: 00c3 49ba | e824 47c9 | b001 0000 | 4c89 5424 | 0848 c704 | 24ff ffff 

  0x000001b0b4ba657c: ;   {runtime_call counter_overflow Runtime1 stub}
  0x000001b0b4ba657c: ffe8 7ebd 

  0x000001b0b4ba6580: ; ImmutableOopMap {rdx=Oop r8=Oop r9=Oop [48]=Oop }
                      ;*synchronization entry
                      ; - java.security.AccessController::executePrivileged@-1
  0x000001b0b4ba6580: 4507 e920 

  0x000001b0b4ba6584: ;   {runtime_call throw_null_pointer_exception Runtime1 stub}
  0x000001b0b4ba6584: feff ffe8 

  0x000001b0b4ba6588: ; ImmutableOopMap {rdx=Oop [40]=Oop [48]=Oop }
                      ;*invokeinterface run {reexecute=0 rethrow=0 return_oop=0}
                      ; - java.security.AccessController::executePrivileged@29
  0x000001b0b4ba6588: 746c 4507 

  0x000001b0b4ba658c: ;   {metadata({method} {0x000001b0c903d898} 'reachabilityFence' '(Ljava/lang/Object;)V' in 'java/lang/ref/Reference')}
  0x000001b0b4ba658c: 49ba 90d8 | 03c9 b001 | 0000 4c89 | 5424 0848 | c704 24ff 

  0x000001b0b4ba65a0: ;   {runtime_call counter_overflow Runtime1 stub}
  0x000001b0b4ba65a0: ffff ffe8 

  0x000001b0b4ba65a4: ; ImmutableOopMap {rax=Oop r9=Oop }
                      ;*synchronization entry
                      ; - java.lang.ref.Reference::reachabilityFence@-1
                      ; - java.security.AccessController::executePrivileged@56
  0x000001b0b4ba65a4: 58bd 4507 | e96d ffff 

  0x000001b0b4ba65ac: ;   {metadata({method} {0x000001b0c903d898} 'reachabilityFence' '(Ljava/lang/Object;)V' in 'java/lang/ref/Reference')}
  0x000001b0b4ba65ac: ff49 ba90 | d803 c9b0 | 0100 004c | 8954 2408 | 48c7 0424 | ffff ffff 

  0x000001b0b4ba65c4: ;   {runtime_call counter_overflow Runtime1 stub}
  0x000001b0b4ba65c4: e837 bd45 

  0x000001b0b4ba65c8: ; ImmutableOopMap {rax=Oop }
                      ;*synchronization entry
                      ; - java.lang.ref.Reference::reachabilityFence@-1
                      ; - java.security.AccessController::executePrivileged@60
                      ;   {internal_word}
  0x000001b0b4ba65c8: 07eb 8849 | ba58 65ba | b4b0 0100 | 004d 8997 | 6004 0000 

  0x000001b0b4ba65dc: ;   {runtime_call SafepointBlob}
  0x000001b0b4ba65dc: e91f e53a | 0749 8b87 | f804 0000 | 49c7 87f8 | 0400 0000 | 0000 0049 | c787 0005 | 0000 0000 
  0x000001b0b4ba65fc: 0000 4883 

  0x000001b0b4ba6600: ;   {runtime_call unwind_exception Runtime1 stub}
  0x000001b0b4ba6600: c440 5de9 | f85c 4507 
[Stub Code]
  0x000001b0b4ba6608: ;   {no_reloc}
  0x000001b0b4ba6608: 0f1f 4400 

  0x000001b0b4ba660c: ;   {static_stub}
  0x000001b0b4ba660c: 0048 bb00 | 0000 0000 

  0x000001b0b4ba6614: ;   {runtime_call nmethod}
  0x000001b0b4ba6614: 0000 00e9 | fbff ffff 

  0x000001b0b4ba661c: ;   {static_stub}
  0x000001b0b4ba661c: 48bb 6823 | 47c9 b001 

  0x000001b0b4ba6624: ;   {runtime_call I2C/C2I adapters}
  0x000001b0b4ba6624: 0000 e9b8 

  0x000001b0b4ba6628: ;   {runtime_call handle_exception_from_callee Runtime1 stub}
  0x000001b0b4ba6628: 753a 07e8 | d089 4507 

  0x000001b0b4ba6630: ;   {external_word}
  0x000001b0b4ba6630: 48b9 2053 | 9c56 f87f | 0000 4883 

  0x000001b0b4ba663c: ;   {runtime_call}
  0x000001b0b4ba663c: e4f0 48b8 | 90b7 5e56 | f87f 0000 

  0x000001b0b4ba6648: ;   {section_word}
  0x000001b0b4ba6648: ffd0 f449 | ba4b 66ba | b4b0 0100 

  0x000001b0b4ba6654: ;   {runtime_call DeoptimizationBlob}
  0x000001b0b4ba6654: 0041 52e9 | 44d7 3a07 | f4f4 f4f4 
[/MachCode]


Compiled method (c1) 6608 2590   !   3       org.eclipse.osgi.framework.util.SecureAction::start (61 bytes)
 total in heap  [0x000001b0b4e9f910,0x000001b0b4e9fe90] = 1408
 relocation     [0x000001b0b4e9fa70,0x000001b0b4e9fac8] = 88
 main code      [0x000001b0b4e9fae0,0x000001b0b4e9fd60] = 640
 stub code      [0x000001b0b4e9fd60,0x000001b0b4e9fda8] = 72
 oops           [0x000001b0b4e9fda8,0x000001b0b4e9fdb0] = 8
 metadata       [0x000001b0b4e9fdb0,0x000001b0b4e9fdc8] = 24
 scopes data    [0x000001b0b4e9fdc8,0x000001b0b4e9fe08] = 64
 scopes pcs     [0x000001b0b4e9fe08,0x000001b0b4e9fe78] = 112
 dependencies   [0x000001b0b4e9fe78,0x000001b0b4e9fe80] = 8
 nul chk table  [0x000001b0b4e9fe80,0x000001b0b4e9fe90] = 16

[Constant Pool (empty)]

[MachCode]
[Entry Point]
  # {method} {0x000001b10b4ae7a0} 'start' '(Lorg/eclipse/osgi/container/Module;[Lorg/eclipse/osgi/container/Module$StartOptions;)V' in 'org/eclipse/osgi/framework/util/SecureAction'
  # this:     rdx:rdx   = 'org/eclipse/osgi/framework/util/SecureAction'
  # parm0:    r8:r8     = 'org/eclipse/osgi/container/Module'
  # parm1:    r9:r9     = '[Lorg/eclipse/osgi/container/Module$StartOptions;'
  #           [sp+0x70]  (sp of caller)
  0x000001b0b4e9fae0: 448b 5208 | 49bb 0000 | 00c9 b001 | 0000 4d03 | d34c 3bd0 

  0x000001b0b4e9faf4: ;   {runtime_call ic_miss_stub}
  0x000001b0b4e9faf4: 0f85 86e9 | 0a07 660f | 1f44 0000 
[Verified Entry Point]
  0x000001b0b4e9fb00: 8984 2400 | 80ff ff55 | 4883 ec60 | 4181 7f20 | 0200 0000 

  0x000001b0b4e9fb14: ;   {runtime_call StubRoutines (final stubs)}
  0x000001b0b4e9fb14: 7405 e8c5 | 8e09 0749 

  0x000001b0b4e9fb1c: ;   {metadata(method data for {method} {0x000001b10b4ae7a0} 'start' '(Lorg/eclipse/osgi/container/Module;[Lorg/eclipse/osgi/container/Module$StartOptions;)V' in 'org/eclipse/osgi/framework/util/SecureAction')}
  0x000001b0b4e9fb1c: 8bf0 49b8 | a8d5 9e0b | b101 0000 | 418b b8cc | 0000 0083 | c702 4189 | b8cc 0000 | 0081 e7fe 
  0x000001b0b4e9fb3c: 0700 0085 | ff0f 8470 

  0x000001b0b4e9fb44: ;   {metadata(method data for {method} {0x000001b10b4ae7a0} 'start' '(Lorg/eclipse/osgi/container/Module;[Lorg/eclipse/osgi/container/Module$StartOptions;)V' in 'org/eclipse/osgi/framework/util/SecureAction')}
  0x000001b0b4e9fb44: 0100 0049 | b8a8 d59e | 0bb1 0100 | 0049 8380 | 1001 0000 

  0x000001b0b4e9fb58: ;   {metadata(method data for {method} {0x000001b0c901b1d0} 'getSecurityManager' '()Ljava/lang/SecurityManager;' in 'java/lang/System')}
  0x000001b0b4e9fb58: 0149 b870 | 4402 0bb1 | 0100 0041 | 8bb8 cc00 | 0000 83c7 | 0241 89b8 | cc00 0000 | 81e7 feff 
  0x000001b0b4e9fb78: 1f00 85ff | 0f84 5601 

  0x000001b0b4e9fb80: ;   {metadata(method data for {method} {0x000001b0c901b1d0} 'getSecurityManager' '()Ljava/lang/SecurityManager;' in 'java/lang/System')}
  0x000001b0b4e9fb80: 0000 49b8 | 7044 020b | b101 0000 | 4983 8010 | 0100 0001 

  0x000001b0b4e9fb94: ;   {metadata(method data for {method} {0x000001b0c901b2e8} 'allowSecurityManager' '()Z' in 'java/lang/System')}
  0x000001b0b4e9fb94: 49b8 e845 | 020b b101 | 0000 418b | b8cc 0000 | 0083 c702 | 4189 b8cc | 0000 0081 | e7fe ff1f 
  0x000001b0b4e9fbb4: 0085 ff0f | 843c 0100 

  0x000001b0b4e9fbbc: ;   {metadata(method data for {method} {0x000001b0c901b2e8} 'allowSecurityManager' '()Z' in 'java/lang/System')}
  0x000001b0b4e9fbbc: 0049 b8e8 | 4502 0bb1 | 0100 0041 | ff80 1001 

  0x000001b0b4e9fbcc: ;   {metadata(method data for {method} {0x000001b0c901b1d0} 'getSecurityManager' '()Ljava/lang/SecurityManager;' in 'java/lang/System')}
  0x000001b0b4e9fbcc: 0000 49b8 | 7044 020b | b101 0000 | 41ff 8020 

  0x000001b0b4e9fbdc: ;   {metadata(method data for {method} {0x000001b10b4ae7a0} 'start' '(Lorg/eclipse/osgi/container/Module;[Lorg/eclipse/osgi/container/Module$StartOptions;)V' in 'org/eclipse/osgi/framework/util/SecureAction')}
  0x000001b0b4e9fbdc: 0100 0049 | b8a8 d59e | 0bb1 0100 | 0041 ff80 | 3001 0000 

  0x000001b0b4e9fbf0: ; implicit exception: dispatches to 0x000001b0b4e9fd1a
  0x000001b0b4e9fbf0: 483b 064c 

  0x000001b0b4e9fbf4: ;   {metadata(method data for {method} {0x000001b10b4ae7a0} 'start' '(Lorg/eclipse/osgi/container/Module;[Lorg/eclipse/osgi/container/Module$StartOptions;)V' in 'org/eclipse/osgi/framework/util/SecureAction')}
  0x000001b0b4e9fbf4: 8bc6 48ba | a8d5 9e0b | b101 0000 | 458b 4008 | 49ba 0000 | 00c9 b001 | 0000 4d03 | c24c 3b82 
  0x000001b0b4e9fc14: 5001 0000 | 750d 4883 | 8258 0100 | 0001 e960 | 0000 004c | 3b82 6001 | 0000 750d | 4883 8268 
  0x000001b0b4e9fc34: 0100 0001 | e94a 0000 | 0048 83ba | 5001 0000 | 0075 174c | 8982 5001 | 0000 48c7 | 8258 0100 
  0x000001b0b4e9fc54: 0001 0000 | 00e9 2900 | 0000 4883 | ba60 0100 | 0000 7517 | 4c89 8260 | 0100 0048 | c782 6801 
  0x000001b0b4e9fc74: 0000 0100 | 0000 e908 | 0000 0048 | 8382 4001 | 0000 014d | 8bc1 488b | d648 b838 | 940a cab0 
  0x000001b0b4e9fc94: ;   {virtual_call}
  0x000001b0b4e9fc94: 0100 00e8 

  0x000001b0b4e9fc98: ; ImmutableOopMap {}
                      ;*invokevirtual start {reexecute=0 rethrow=0 return_oop=0}
                      ; - org.eclipse.osgi.framework.util.SecureAction::start@8 (line 528)
  0x000001b0b4e9fc98: a438 0100 

  0x000001b0b4e9fc9c: ;   {other}
  0x000001b0b4e9fc9c: 0f1f 8400 | 8c03 0000 | 4883 c460 

  0x000001b0b4e9fca8: ;   {poll_return}
  0x000001b0b4e9fca8: 5d49 3ba7 | 4804 0000 | 0f87 6900 

  0x000001b0b4e9fcb4: ;   {metadata({method} {0x000001b10b4ae7a0} 'start' '(Lorg/eclipse/osgi/container/Module;[Lorg/eclipse/osgi/container/Module$StartOptions;)V' in 'org/eclipse/osgi/framework/util/SecureAction')}
  0x000001b0b4e9fcb4: 0000 c349 | ba98 e74a | 0bb1 0100 | 004c 8954 | 2408 48c7 | 0424 ffff 

  0x000001b0b4e9fccc: ;   {runtime_call counter_overflow Runtime1 stub}
  0x000001b0b4e9fccc: ffff e82d 

  0x000001b0b4e9fcd0: ; ImmutableOopMap {rdx=Oop rsi=Oop r9=Oop }
                      ;*synchronization entry
                      ; - org.eclipse.osgi.framework.util.SecureAction::start@-1 (line 527)
  0x000001b0b4e9fcd0: 2616 07e9 | 6ffe ffff 

  0x000001b0b4e9fcd8: ;   {metadata({method} {0x000001b0c901b1d0} 'getSecurityManager' '()Ljava/lang/SecurityManager;' in 'java/lang/System')}
  0x000001b0b4e9fcd8: 49ba c8b1 | 01c9 b001 | 0000 4c89 | 5424 0848 | c704 24ff 

  0x000001b0b4e9fcec: ;   {runtime_call counter_overflow Runtime1 stub}
  0x000001b0b4e9fcec: ffff ffe8 

  0x000001b0b4e9fcf0: ; ImmutableOopMap {rdx=Oop rsi=Oop r9=Oop }
                      ;*synchronization entry
                      ; - java.lang.System::getSecurityManager@-1
                      ; - org.eclipse.osgi.framework.util.SecureAction::start@0 (line 527)
  0x000001b0b4e9fcf0: 0c26 1607 | e989 feff 

  0x000001b0b4e9fcf8: ;   {metadata({method} {0x000001b0c901b2e8} 'allowSecurityManager' '()Z' in 'java/lang/System')}
  0x000001b0b4e9fcf8: ff49 bae0 | b201 c9b0 | 0100 004c | 8954 2408 | 48c7 0424 | ffff ffff 

  0x000001b0b4e9fd10: ;   {runtime_call counter_overflow Runtime1 stub}
  0x000001b0b4e9fd10: e8eb 2516 

  0x000001b0b4e9fd14: ; ImmutableOopMap {rdx=Oop rsi=Oop r9=Oop }
                      ;*synchronization entry
                      ; - java.lang.System::allowSecurityManager@-1
                      ; - java.lang.System::getSecurityManager@0
                      ; - org.eclipse.osgi.framework.util.SecureAction::start@0 (line 527)
  0x000001b0b4e9fd14: 07e9 a3fe 

  0x000001b0b4e9fd18: ;   {runtime_call throw_null_pointer_exception Runtime1 stub}
  0x000001b0b4e9fd18: ffff e8e1 

  0x000001b0b4e9fd1c: ; ImmutableOopMap {rsi=Oop r9=Oop }
                      ;*invokevirtual start {reexecute=0 rethrow=0 return_oop=0}
                      ; - org.eclipse.osgi.framework.util.SecureAction::start@8 (line 528)
                      ;   {internal_word}
  0x000001b0b4e9fd1c: d415 0749 | baa9 fce9 | b4b0 0100 | 004d 8997 | 6004 0000 

  0x000001b0b4e9fd30: ;   {runtime_call SafepointBlob}
  0x000001b0b4e9fd30: e9cb 4d0b | 0749 8b87 | f804 0000 | 49c7 87f8 | 0400 0000 | 0000 0049 | c787 0005 | 0000 0000 
  0x000001b0b4e9fd50: 0000 4883 

  0x000001b0b4e9fd54: ;   {runtime_call unwind_exception Runtime1 stub}
  0x000001b0b4e9fd54: c460 5de9 | a4c5 1507 | f4f4 f4f4 
[Stub Code]
  0x000001b0b4e9fd60: ;   {no_reloc}
  0x000001b0b4e9fd60: 0f1f 4400 

  0x000001b0b4e9fd64: ;   {static_stub}
  0x000001b0b4e9fd64: 0048 bb00 | 0000 0000 

  0x000001b0b4e9fd6c: ;   {runtime_call nmethod}
  0x000001b0b4e9fd6c: 0000 00e9 | fbff ffff 
[Exception Handler]
  0x000001b0b4e9fd74: ;   {runtime_call handle_exception_from_callee Runtime1 stub}
  0x000001b0b4e9fd74: e887 f215 

  0x000001b0b4e9fd78: ;   {external_word}
  0x000001b0b4e9fd78: 0748 b920 | 539c 56f8 | 7f00 0048 

  0x000001b0b4e9fd84: ;   {runtime_call}
  0x000001b0b4e9fd84: 83e4 f048 | b890 b75e | 56f8 7f00 | 00ff d0f4 
[Deopt Handler Code]
  0x000001b0b4e9fd94: ;   {section_word}
  0x000001b0b4e9fd94: 49ba 94fd | e9b4 b001 | 0000 4152 

  0x000001b0b4e9fda0: ;   {runtime_call DeoptimizationBlob}
  0x000001b0b4e9fda0: e9fb 3f0b | 07f4 f4f4 
[/MachCode]


---------------  P R O C E S S  ---------------

Threads class SMR info:
_java_thread_list=0x000001b1101841f0, length=19, elements={
0x000001b0b17c3fe0, 0x000001b0b17301f0, 0x000001b0b1733840, 0x000001b0b1737110,
0x000001b0b1739c70, 0x000001b0b173a6c0, 0x000001b0b173b110, 0x000001b0b173bf40,
0x000001b0b1757000, 0x000001b10ac377c0, 0x000001b10ac62560, 0x000001b10f341910,
0x000001b10f2f2020, 0x000001b10f2f2ca0, 0x000001b10f3abd00, 0x000001b10f9ed690,
0x000001b10f7d2e50, 0x000001b110196020, 0x000001b10f6cc6f0
}

Java Threads: ( => current thread )
  0x000001b0b17c3fe0 JavaThread "main"                              [_thread_blocked, id=5508, stack(0x0000004c48200000,0x0000004c48300000) (1024K)]
  0x000001b0b17301f0 JavaThread "Reference Handler"          daemon [_thread_blocked, id=25920, stack(0x0000004c48600000,0x0000004c48700000) (1024K)]
  0x000001b0b1733840 JavaThread "Finalizer"                  daemon [_thread_blocked, id=1684, stack(0x0000004c48700000,0x0000004c48800000) (1024K)]
  0x000001b0b1737110 JavaThread "Signal Dispatcher"          daemon [_thread_blocked, id=23820, stack(0x0000004c48800000,0x0000004c48900000) (1024K)]
  0x000001b0b1739c70 JavaThread "Attach Listener"            daemon [_thread_blocked, id=14276, stack(0x0000004c48900000,0x0000004c48a00000) (1024K)]
  0x000001b0b173a6c0 JavaThread "Service Thread"             daemon [_thread_blocked, id=8624, stack(0x0000004c48a00000,0x0000004c48b00000) (1024K)]
  0x000001b0b173b110 JavaThread "Monitor Deflation Thread"   daemon [_thread_blocked, id=19988, stack(0x0000004c48b00000,0x0000004c48c00000) (1024K)]
  0x000001b0b173bf40 JavaThread "C2 CompilerThread0"         daemon [_thread_in_native, id=22944, stack(0x0000004c48c00000,0x0000004c48d00000) (1024K)]
  0x000001b0b1757000 JavaThread "C1 CompilerThread0"         daemon [_thread_blocked, id=19920, stack(0x0000004c48d00000,0x0000004c48e00000) (1024K)]
  0x000001b10ac377c0 JavaThread "Common-Cleaner"             daemon [_thread_blocked, id=820, stack(0x0000004c48e00000,0x0000004c48f00000) (1024K)]
  0x000001b10ac62560 JavaThread "Notification Thread"        daemon [_thread_blocked, id=8140, stack(0x0000004c48f00000,0x0000004c49000000) (1024K)]
  0x000001b10f341910 JavaThread "Active Thread: Equinox Container: 05e53ab3-0855-404b-9383-04621f2a5e4a"        [_thread_blocked, id=26420, stack(0x0000004c49600000,0x0000004c49700000) (1024K)]
  0x000001b10f2f2020 JavaThread "Framework Event Dispatcher: Equinox Container: 05e53ab3-0855-404b-9383-04621f2a5e4a" daemon [_thread_blocked, id=5460, stack(0x0000004c49700000,0x0000004c49800000) (1024K)]
=>0x000001b10f2f2ca0 JavaThread "Start Level: Equinox Container: 05e53ab3-0855-404b-9383-04621f2a5e4a" daemon [_thread_in_vm, id=3880, stack(0x0000004c49800000,0x0000004c49900000) (1024K)]
  0x000001b10f3abd00 JavaThread "SCR Component Actor"        daemon [_thread_blocked, id=4912, stack(0x0000004c49a00000,0x0000004c49b00000) (1024K)]
  0x000001b10f9ed690 JavaThread "Worker-JM"                         [_thread_blocked, id=12864, stack(0x0000004c49b00000,0x0000004c49c00000) (1024K)]
  0x000001b10f7d2e50 JavaThread "JNA Cleaner"                daemon [_thread_blocked, id=4772, stack(0x0000004c49c00000,0x0000004c49d00000) (1024K)]
  0x000001b110196020 JavaThread "Worker-0"                          [_thread_blocked, id=22732, stack(0x0000004c49d00000,0x0000004c49e00000) (1024K)]
  0x000001b10f6cc6f0 JavaThread "Worker-1"                          [_thread_blocked, id=3564, stack(0x0000004c49e00000,0x0000004c49f00000) (1024K)]
Total: 19

Other Threads:
  0x000001b0b1721600 VMThread "VM Thread"                           [id=17944, stack(0x0000004c48500000,0x0000004c48600000) (1024K)]
  0x000001b0b165cb50 WatcherThread "VM Periodic Task Thread"        [id=23316, stack(0x0000004c48400000,0x0000004c48500000) (1024K)]
  0x000001b0b17d47a0 WorkerThread "GC Thread#0"                     [id=26332, stack(0x0000004c48300000,0x0000004c48400000) (1024K)]
  0x000001b10f381030 WorkerThread "GC Thread#1"                     [id=18032, stack(0x0000004c49000000,0x0000004c49100000) (1024K)]
  0x000001b10f3813d0 WorkerThread "GC Thread#2"                     [id=1920, stack(0x0000004c49100000,0x0000004c49200000) (1024K)]
  0x000001b10f381770 WorkerThread "GC Thread#3"                     [id=5408, stack(0x0000004c49200000,0x0000004c49300000) (1024K)]
  0x000001b10f3680f0 WorkerThread "GC Thread#4"                     [id=22476, stack(0x0000004c49300000,0x0000004c49400000) (1024K)]
  0x000001b10f368490 WorkerThread "GC Thread#5"                     [id=16764, stack(0x0000004c49400000,0x0000004c49500000) (1024K)]
  0x000001b10f368830 WorkerThread "GC Thread#6"                     [id=5648, stack(0x0000004c49500000,0x0000004c49600000) (1024K)]
  0x000001b10f4128d0 WorkerThread "GC Thread#7"                     [id=1916, stack(0x0000004c49900000,0x0000004c49a00000) (1024K)]
Total: 10

Threads with active compile tasks:
C2 CompilerThread0  6621 2757       4       org.lombokweb.asm.ClassReader::readMethod (1070 bytes)
Total: 1

VM state: not at safepoint (normal execution)

VM Mutex/Monitor currently owned by a thread:  ([mutex/lock_event])
[0x00007ff856c7b4f0] Metaspace_lock - owner thread: 0x000001b10f2f2ca0

Heap address: 0x0000000080000000, size: 2048 MB, Compressed Oops mode: 32-bit

CDS archive(s) mapped at: [0x000001b0c9000000-0x000001b0c9ba0000-0x000001b0c9ba0000), size 12189696, SharedBaseAddress: 0x000001b0c9000000, ArchiveRelocationMode: 1.
Compressed class space mapped at: 0x000001b0ca000000-0x000001b10a000000, reserved size: 1073741824
Narrow klass base: 0x000001b0c9000000, Narrow klass shift: 0, Narrow klass range: 0x100000000

GC Precious Log:
 CardTable entry size: 512
 CPUs: 8 total, 8 available
 Memory: 7103M
 Large Page Support: Disabled
 NUMA Support: Disabled
 Compressed Oops: Enabled (32-bit)
 Alignments: Space 512K, Generation 512K, Heap 2M
 Heap Min Capacity: 100M
 Heap Initial Capacity: 100M
 Heap Max Capacity: 2G
 Pre-touch: Disabled
 Parallel Workers: 8

Heap:
 PSYoungGen      total 27648K, used 22548K [0x00000000d5580000, 0x00000000d7a00000, 0x0000000100000000)
  eden space 23552K, 95% used [0x00000000d5580000,0x00000000d6b85210,0x00000000d6c80000)
  from space 4096K, 0% used [0x00000000d7280000,0x00000000d7280000,0x00000000d7680000)
  to   space 6144K, 0% used [0x00000000d6c80000,0x00000000d6c80000,0x00000000d7280000)
 ParOldGen       total 68608K, used 17759K [0x0000000080000000, 0x0000000084300000, 0x00000000d5580000)
  object space 68608K, 25% used [0x0000000080000000,0x0000000081157ee8,0x0000000084300000)
 Metaspace       used 22414K, committed 23104K, reserved 1114112K
  class space    used 2161K, committed 2432K, reserved 1048576K

Card table byte_map: [0x000001b0b1170000,0x000001b0b1580000] _byte_map_base: 0x000001b0b0d70000

Marking Bits: (ParMarkBitMap*) 0x00007ff856c82460
 Begin Bits: [0x000001b0c3c80000, 0x000001b0c5c80000)
 End Bits:   [0x000001b0c5c80000, 0x000001b0c7c80000)

Polling page: 0x000001b0af630000

Metaspace:

Usage:
  Non-class:     19.78 MB used.
      Class:      2.11 MB used.
       Both:     21.89 MB used.

Virtual space:
  Non-class space:       64.00 MB reserved,      20.19 MB ( 32%) committed,  1 nodes.
      Class space:        1.00 GB reserved,       2.38 MB ( <1%) committed,  1 nodes.
             Both:        1.06 GB reserved,      22.56 MB (  2%) committed. 

Chunk freelists:
   Non-Class:  11.42 MB
       Class:  13.44 MB
        Both:  24.86 MB

MaxMetaspaceSize: unlimited
CompressedClassSpaceSize: 1.00 GB
Initial GC threshold: 21.00 MB
Current GC threshold: 35.00 MB
CDS: on
 - commit_granule_bytes: 65536.
 - commit_granule_words: 8192.
 - virtual_space_node_default_size: 8388608.
 - enlarge_chunks_in_place: 1.
 - use_allocation_guard: 0.


Internal statistics:

num_allocs_failed_limit: 3.
num_arena_births: 508.
num_arena_deaths: 14.
num_vsnodes_births: 2.
num_vsnodes_deaths: 0.
num_space_committed: 361.
num_space_uncommitted: 0.
num_chunks_returned_to_freelist: 17.
num_chunks_taken_from_freelist: 1365.
num_chunk_merges: 9.
num_chunk_splits: 888.
num_chunks_enlarged: 578.
num_inconsistent_stats: 0.

CodeHeap 'non-profiled nmethods': size=120000Kb used=1258Kb max_used=1258Kb free=118741Kb
 bounds [0x000001b0bc4a0000, 0x000001b0bc710000, 0x000001b0c39d0000]
CodeHeap 'profiled nmethods': size=120000Kb used=5676Kb max_used=5676Kb free=114323Kb
 bounds [0x000001b0b49d0000, 0x000001b0b4f60000, 0x000001b0bbf00000]
CodeHeap 'non-nmethods': size=5760Kb used=1319Kb max_used=1328Kb free=4440Kb
 bounds [0x000001b0bbf00000, 0x000001b0bc170000, 0x000001b0bc4a0000]
CodeCache: size=245760Kb, used=8253Kb, max_used=8262Kb, free=237504Kb
 total_blobs=3453, nmethods=2849, adapters=510, full_count=0
Compilation: enabled, stopped_count=0, restarted_count=0

Compilation events (20 events):
Event: 6.537 Thread 0x000001b0b1757000 2856       3       java.lang.invoke.DirectMethodHandle$StaticAccessor::viewAsType (49 bytes)
Event: 6.537 Thread 0x000001b0b1757000 nmethod 2856 0x000001b0b4f53790 code [0x000001b0b4f53940, 0x000001b0b4f53b18]
Event: 6.537 Thread 0x000001b0b1757000 2857       3       java.lang.invoke.LambdaForm$MH/0x000001b0ca17d400::invoke (39 bytes)
Event: 6.538 Thread 0x000001b0b1757000 nmethod 2857 0x000001b0b4f53c10 code [0x000001b0b4f53e60, 0x000001b0b4f54b20]
Event: 6.538 Thread 0x000001b0b1757000 2845       3       java.lang.invoke.DirectMethodHandle::staticOffset (8 bytes)
Event: 6.538 Thread 0x000001b0b1757000 nmethod 2845 0x000001b0b4f54e90 code [0x000001b0b4f55040, 0x000001b0b4f55230]
Event: 6.538 Thread 0x000001b0b1757000 2846       3       java.lang.invoke.DirectMethodHandle$StaticAccessor::checkCast (9 bytes)
Event: 6.539 Thread 0x000001b0b1757000 nmethod 2846 0x000001b0b4f55310 code [0x000001b0b4f554e0, 0x000001b0b4f557e8]
Event: 6.539 Thread 0x000001b0b1757000 2847       3       java.util.ResourceBundle::getObject (82 bytes)
Event: 6.540 Thread 0x000001b0b1757000 nmethod 2847 0x000001b0b4f55910 code [0x000001b0b4f55be0, 0x000001b0b4f566f8]
Event: 6.540 Thread 0x000001b0b1757000 2855       3       java.util.ResourceBundle::getString (9 bytes)
Event: 6.540 Thread 0x000001b0b1757000 nmethod 2855 0x000001b0b4f56b10 code [0x000001b0b4f56cc0, 0x000001b0b4f56ee8]
Event: 6.540 Thread 0x000001b0b1757000 2858       3       java.lang.invoke.LambdaForm$MH/0x000001b0ca11c000::invoke (35 bytes)
Event: 6.541 Thread 0x000001b0b1757000 nmethod 2858 0x000001b0b4f56f90 code [0x000001b0b4f57180, 0x000001b0b4f57758]
Event: 6.541 Thread 0x000001b0b1757000 2860       3       java.util.PropertyResourceBundle::handleGetObject (23 bytes)
Event: 6.541 Thread 0x000001b0b1757000 nmethod 2860 0x000001b0b4f57910 code [0x000001b0b4f57ae0, 0x000001b0b4f57db0]
Event: 6.541 Thread 0x000001b0b1757000 2861  s!   3       org.eclipse.osgi.util.NLS$MessagesProperties::put (154 bytes)
Event: 6.543 Thread 0x000001b0b1757000 nmethod 2861 0x000001b0b4f57e90 code [0x000001b0b4f582e0, 0x000001b0b4f59f38]
Event: 6.543 Thread 0x000001b0b1757000 2859       3       java.lang.invoke.DirectMethodHandle::checkInitialized (28 bytes)
Event: 6.544 Thread 0x000001b0b1757000 nmethod 2859 0x000001b0b4f5a990 code [0x000001b0b4f5aba0, 0x000001b0b4f5b040]

GC Heap History (14 events):
Event: 1.764 GC heap before
{Heap before GC invocations=1 (full 0):
 PSYoungGen      total 29696K, used 25600K [0x00000000d5580000, 0x00000000d7680000, 0x0000000100000000)
  eden space 25600K, 100% used [0x00000000d5580000,0x00000000d6e80000,0x00000000d6e80000)
  from space 4096K, 0% used [0x00000000d7280000,0x00000000d7280000,0x00000000d7680000)
  to   space 4096K, 0% used [0x00000000d6e80000,0x00000000d6e80000,0x00000000d7280000)
 ParOldGen       total 68608K, used 0K [0x0000000080000000, 0x0000000084300000, 0x00000000d5580000)
  object space 68608K, 0% used [0x0000000080000000,0x0000000080000000,0x0000000084300000)
 Metaspace       used 4355K, committed 4608K, reserved 1114112K
  class space    used 473K, committed 576K, reserved 1048576K
}
Event: 1.787 GC heap after
{Heap after GC invocations=1 (full 0):
 PSYoungGen      total 29696K, used 3280K [0x00000000d5580000, 0x00000000d7680000, 0x0000000100000000)
  eden space 25600K, 0% used [0x00000000d5580000,0x00000000d5580000,0x00000000d6e80000)
  from space 4096K, 80% used [0x00000000d6e80000,0x00000000d71b4148,0x00000000d7280000)
  to   space 4096K, 0% used [0x00000000d7280000,0x00000000d7280000,0x00000000d7680000)
 ParOldGen       total 68608K, used 0K [0x0000000080000000, 0x0000000084300000, 0x00000000d5580000)
  object space 68608K, 0% used [0x0000000080000000,0x0000000080000000,0x0000000084300000)
 Metaspace       used 4355K, committed 4608K, reserved 1114112K
  class space    used 473K, committed 576K, reserved 1048576K
}
Event: 2.831 GC heap before
{Heap before GC invocations=2 (full 0):
 PSYoungGen      total 29696K, used 28880K [0x00000000d5580000, 0x00000000d7680000, 0x0000000100000000)
  eden space 25600K, 100% used [0x00000000d5580000,0x00000000d6e80000,0x00000000d6e80000)
  from space 4096K, 80% used [0x00000000d6e80000,0x00000000d71b4148,0x00000000d7280000)
  to   space 4096K, 0% used [0x00000000d7280000,0x00000000d7280000,0x00000000d7680000)
 ParOldGen       total 68608K, used 0K [0x0000000080000000, 0x0000000084300000, 0x00000000d5580000)
  object space 68608K, 0% used [0x0000000080000000,0x0000000080000000,0x0000000084300000)
 Metaspace       used 8237K, committed 8512K, reserved 1114112K
  class space    used 878K, committed 1024K, reserved 1048576K
}
Event: 2.837 GC heap after
{Heap after GC invocations=2 (full 0):
 PSYoungGen      total 29696K, used 4092K [0x00000000d5580000, 0x00000000d7680000, 0x0000000100000000)
  eden space 25600K, 0% used [0x00000000d5580000,0x00000000d5580000,0x00000000d6e80000)
  from space 4096K, 99% used [0x00000000d7280000,0x00000000d767f008,0x00000000d7680000)
  to   space 4096K, 0% used [0x00000000d6e80000,0x00000000d6e80000,0x00000000d7280000)
 ParOldGen       total 68608K, used 865K [0x0000000080000000, 0x0000000084300000, 0x00000000d5580000)
  object space 68608K, 1% used [0x0000000080000000,0x00000000800d86b8,0x0000000084300000)
 Metaspace       used 8237K, committed 8512K, reserved 1114112K
  class space    used 878K, committed 1024K, reserved 1048576K
}
Event: 3.698 GC heap before
{Heap before GC invocations=3 (full 0):
 PSYoungGen      total 29696K, used 29692K [0x00000000d5580000, 0x00000000d7680000, 0x0000000100000000)
  eden space 25600K, 100% used [0x00000000d5580000,0x00000000d6e80000,0x00000000d6e80000)
  from space 4096K, 99% used [0x00000000d7280000,0x00000000d767f008,0x00000000d7680000)
  to   space 4096K, 0% used [0x00000000d6e80000,0x00000000d6e80000,0x00000000d7280000)
 ParOldGen       total 68608K, used 865K [0x0000000080000000, 0x0000000084300000, 0x00000000d5580000)
  object space 68608K, 1% used [0x0000000080000000,0x00000000800d86b8,0x0000000084300000)
 Metaspace       used 13058K, committed 13568K, reserved 1114112K
  class space    used 1386K, committed 1600K, reserved 1048576K
}
Event: 3.704 GC heap after
{Heap after GC invocations=3 (full 0):
 PSYoungGen      total 29696K, used 4086K [0x00000000d5580000, 0x00000000d7680000, 0x0000000100000000)
  eden space 25600K, 0% used [0x00000000d5580000,0x00000000d5580000,0x00000000d6e80000)
  from space 4096K, 99% used [0x00000000d6e80000,0x00000000d727daa0,0x00000000d7280000)
  to   space 4096K, 0% used [0x00000000d7280000,0x00000000d7280000,0x00000000d7680000)
 ParOldGen       total 68608K, used 2758K [0x0000000080000000, 0x0000000084300000, 0x00000000d5580000)
  object space 68608K, 4% used [0x0000000080000000,0x00000000802b1a08,0x0000000084300000)
 Metaspace       used 13058K, committed 13568K, reserved 1114112K
  class space    used 1386K, committed 1600K, reserved 1048576K
}
Event: 4.318 GC heap before
{Heap before GC invocations=4 (full 0):
 PSYoungGen      total 29696K, used 29686K [0x00000000d5580000, 0x00000000d7680000, 0x0000000100000000)
  eden space 25600K, 100% used [0x00000000d5580000,0x00000000d6e80000,0x00000000d6e80000)
  from space 4096K, 99% used [0x00000000d6e80000,0x00000000d727daa0,0x00000000d7280000)
  to   space 4096K, 0% used [0x00000000d7280000,0x00000000d7280000,0x00000000d7680000)
 ParOldGen       total 68608K, used 2758K [0x0000000080000000, 0x0000000084300000, 0x00000000d5580000)
  object space 68608K, 4% used [0x0000000080000000,0x00000000802b1a08,0x0000000084300000)
 Metaspace       used 14522K, committed 15104K, reserved 1114112K
  class space    used 1534K, committed 1792K, reserved 1048576K
}
Event: 4.329 GC heap after
{Heap after GC invocations=4 (full 0):
 PSYoungGen      total 29696K, used 4085K [0x00000000d5580000, 0x00000000d7680000, 0x0000000100000000)
  eden space 25600K, 0% used [0x00000000d5580000,0x00000000d5580000,0x00000000d6e80000)
  from space 4096K, 99% used [0x00000000d7280000,0x00000000d767d598,0x00000000d7680000)
  to   space 4096K, 0% used [0x00000000d6e80000,0x00000000d6e80000,0x00000000d7280000)
 ParOldGen       total 68608K, used 12408K [0x0000000080000000, 0x0000000084300000, 0x00000000d5580000)
  object space 68608K, 18% used [0x0000000080000000,0x0000000080c1e160,0x0000000084300000)
 Metaspace       used 14522K, committed 15104K, reserved 1114112K
  class space    used 1534K, committed 1792K, reserved 1048576K
}
Event: 5.574 GC heap before
{Heap before GC invocations=5 (full 0):
 PSYoungGen      total 29696K, used 29685K [0x00000000d5580000, 0x00000000d7680000, 0x0000000100000000)
  eden space 25600K, 100% used [0x00000000d5580000,0x00000000d6e80000,0x00000000d6e80000)
  from space 4096K, 99% used [0x00000000d7280000,0x00000000d767d598,0x00000000d7680000)
  to   space 4096K, 0% used [0x00000000d6e80000,0x00000000d6e80000,0x00000000d7280000)
 ParOldGen       total 68608K, used 12408K [0x0000000080000000, 0x0000000084300000, 0x00000000d5580000)
  object space 68608K, 18% used [0x0000000080000000,0x0000000080c1e160,0x0000000084300000)
 Metaspace       used 17347K, committed 18048K, reserved 1114112K
  class space    used 1814K, committed 2112K, reserved 1048576K
}
Event: 5.582 GC heap after
{Heap after GC invocations=5 (full 0):
 PSYoungGen      total 29696K, used 4080K [0x00000000d5580000, 0x00000000d7680000, 0x0000000100000000)
  eden space 25600K, 0% used [0x00000000d5580000,0x00000000d5580000,0x00000000d6e80000)
  from space 4096K, 99% used [0x00000000d6e80000,0x00000000d727c0b8,0x00000000d7280000)
  to   space 4096K, 0% used [0x00000000d7280000,0x00000000d7280000,0x00000000d7680000)
 ParOldGen       total 68608K, used 15068K [0x0000000080000000, 0x0000000084300000, 0x00000000d5580000)
  object space 68608K, 21% used [0x0000000080000000,0x0000000080eb7088,0x0000000084300000)
 Metaspace       used 17347K, committed 18048K, reserved 1114112K
  class space    used 1814K, committed 2112K, reserved 1048576K
}
Event: 6.074 GC heap before
{Heap before GC invocations=6 (full 0):
 PSYoungGen      total 29696K, used 24856K [0x00000000d5580000, 0x00000000d7680000, 0x0000000100000000)
  eden space 25600K, 81% used [0x00000000d5580000,0x00000000d69ca1f0,0x00000000d6e80000)
  from space 4096K, 99% used [0x00000000d6e80000,0x00000000d727c0b8,0x00000000d7280000)
  to   space 4096K, 0% used [0x00000000d7280000,0x00000000d7280000,0x00000000d7680000)
 ParOldGen       total 68608K, used 15068K [0x0000000080000000, 0x0000000084300000, 0x00000000d5580000)
  object space 68608K, 21% used [0x0000000080000000,0x0000000080eb7088,0x0000000084300000)
 Metaspace       used 20811K, committed 21504K, reserved 1114112K
  class space    used 2056K, committed 2368K, reserved 1048576K
}
Event: 6.080 GC heap after
{Heap after GC invocations=6 (full 0):
 PSYoungGen      total 27648K, used 4080K [0x00000000d5580000, 0x00000000d7a00000, 0x0000000100000000)
  eden space 23552K, 0% used [0x00000000d5580000,0x00000000d5580000,0x00000000d6c80000)
  from space 4096K, 99% used [0x00000000d7280000,0x00000000d767c108,0x00000000d7680000)
  to   space 6144K, 0% used [0x00000000d6c80000,0x00000000d6c80000,0x00000000d7280000)
 ParOldGen       total 68608K, used 15577K [0x0000000080000000, 0x0000000084300000, 0x00000000d5580000)
  object space 68608K, 22% used [0x0000000080000000,0x0000000080f365c8,0x0000000084300000)
 Metaspace       used 20811K, committed 21504K, reserved 1114112K
  class space    used 2056K, committed 2368K, reserved 1048576K
}
Event: 6.080 GC heap before
{Heap before GC invocations=7 (full 1):
 PSYoungGen      total 27648K, used 4080K [0x00000000d5580000, 0x00000000d7a00000, 0x0000000100000000)
  eden space 23552K, 0% used [0x00000000d5580000,0x00000000d5580000,0x00000000d6c80000)
  from space 4096K, 99% used [0x00000000d7280000,0x00000000d767c108,0x00000000d7680000)
  to   space 6144K, 0% used [0x00000000d6c80000,0x00000000d6c80000,0x00000000d7280000)
 ParOldGen       total 68608K, used 15577K [0x0000000080000000, 0x0000000084300000, 0x00000000d5580000)
  object space 68608K, 22% used [0x0000000080000000,0x0000000080f365c8,0x0000000084300000)
 Metaspace       used 20811K, committed 21504K, reserved 1114112K
  class space    used 2056K, committed 2368K, reserved 1048576K
}
Event: 6.118 GC heap after
{Heap after GC invocations=7 (full 1):
 PSYoungGen      total 27648K, used 0K [0x00000000d5580000, 0x00000000d7a00000, 0x0000000100000000)
  eden space 23552K, 0% used [0x00000000d5580000,0x00000000d5580000,0x00000000d6c80000)
  from space 4096K, 0% used [0x00000000d7280000,0x00000000d7280000,0x00000000d7680000)
  to   space 6144K, 0% used [0x00000000d6c80000,0x00000000d6c80000,0x00000000d7280000)
 ParOldGen       total 68608K, used 17759K [0x0000000080000000, 0x0000000084300000, 0x00000000d5580000)
  object space 68608K, 25% used [0x0000000080000000,0x0000000081157ee8,0x0000000084300000)
 Metaspace       used 20798K, committed 21504K, reserved 1114112K
  class space    used 2053K, committed 2368K, reserved 1048576K
}

Dll operation events (10 events):
Event: 0.017 Loaded shared library c:\Users\HB\.vscode\extensions\redhat.java-1.50.0-win32-x64\jre\21.0.9-win32-x86_64\bin\java.dll
Event: 0.160 Loaded shared library c:\Users\HB\.vscode\extensions\redhat.java-1.50.0-win32-x64\jre\21.0.9-win32-x86_64\bin\zip.dll
Event: 0.204 Loaded shared library C:\Users\HB\.vscode\extensions\redhat.java-1.50.0-win32-x64\jre\21.0.9-win32-x86_64\bin\instrument.dll
Event: 0.213 Loaded shared library C:\Users\HB\.vscode\extensions\redhat.java-1.50.0-win32-x64\jre\21.0.9-win32-x86_64\bin\net.dll
Event: 0.244 Loaded shared library C:\Users\HB\.vscode\extensions\redhat.java-1.50.0-win32-x64\jre\21.0.9-win32-x86_64\bin\nio.dll
Event: 0.250 Loaded shared library C:\Users\HB\.vscode\extensions\redhat.java-1.50.0-win32-x64\jre\21.0.9-win32-x86_64\bin\zip.dll
Event: 0.303 Loaded shared library C:\Users\HB\.vscode\extensions\redhat.java-1.50.0-win32-x64\jre\21.0.9-win32-x86_64\bin\jimage.dll
Event: 0.552 Loaded shared library c:\Users\HB\.vscode\extensions\redhat.java-1.50.0-win32-x64\jre\21.0.9-win32-x86_64\bin\verify.dll
Event: 2.764 Loaded shared library C:\Users\HB\AppData\Roaming\Code\User\globalStorage\redhat.java\1.50.0\config_ss_win\org.eclipse.equinox.launcher\org.eclipse.equinox.launcher.win32.win32.x86_64_1.2.1400.v20250801-0854\eclipse_11916.dll
Event: 4.954 Loaded shared library C:\Users\HB\AppData\Local\Temp\jna-2298\jna14149008193446454539.dll

Deoptimization events (20 events):
Event: 5.409 Thread 0x000001b10f2f2ca0 DEOPT PACKING pc=0x000001b0bc580694 sp=0x0000004c498ef910
Event: 5.409 Thread 0x000001b10f2f2ca0 DEOPT UNPACKING pc=0x000001b0bbf53aa2 sp=0x0000004c498ef8b8 mode 2
Event: 5.409 Thread 0x000001b10f2f2ca0 Uncommon trap: trap_request=0xffffffde fr.pc=0x000001b0bc580694 relative=0x00000000000003b4
Event: 5.409 Thread 0x000001b10f2f2ca0 Uncommon trap: reason=class_check action=maybe_recompile pc=0x000001b0bc580694 method=java.util.regex.Pattern$BmpCharPropertyGreedy.match(Ljava/util/regex/Matcher;ILjava/lang/CharSequence;)Z @ 70 c2
Event: 5.409 Thread 0x000001b10f2f2ca0 DEOPT PACKING pc=0x000001b0bc580694 sp=0x0000004c498efad0
Event: 5.409 Thread 0x000001b10f2f2ca0 DEOPT UNPACKING pc=0x000001b0bbf53aa2 sp=0x0000004c498efa78 mode 2
Event: 5.409 Thread 0x000001b10f2f2ca0 Uncommon trap: trap_request=0xffffffde fr.pc=0x000001b0bc580694 relative=0x00000000000003b4
Event: 5.409 Thread 0x000001b10f2f2ca0 Uncommon trap: reason=class_check action=maybe_recompile pc=0x000001b0bc580694 method=java.util.regex.Pattern$BmpCharPropertyGreedy.match(Ljava/util/regex/Matcher;ILjava/lang/CharSequence;)Z @ 70 c2
Event: 5.409 Thread 0x000001b10f2f2ca0 DEOPT PACKING pc=0x000001b0bc580694 sp=0x0000004c498ef920
Event: 5.410 Thread 0x000001b10f2f2ca0 DEOPT UNPACKING pc=0x000001b0bbf53aa2 sp=0x0000004c498ef8c8 mode 2
Event: 5.964 Thread 0x000001b10f2f2ca0 Uncommon trap: trap_request=0xffffff45 fr.pc=0x000001b0bc5d4a24 relative=0x0000000000000364
Event: 5.964 Thread 0x000001b10f2f2ca0 Uncommon trap: reason=unstable_if action=reinterpret pc=0x000001b0bc5d4a24 method=org.lombokweb.asm.Label.resolve([BLorg/lombokweb/asm/ByteVector;I)Z @ 81 c2
Event: 5.964 Thread 0x000001b10f2f2ca0 DEOPT PACKING pc=0x000001b0bc5d4a24 sp=0x0000004c498f2d60
Event: 5.964 Thread 0x000001b10f2f2ca0 DEOPT UNPACKING pc=0x000001b0bbf53aa2 sp=0x0000004c498f2c68 mode 2
Event: 6.524 Thread 0x000001b10f2f2ca0 DEOPT PACKING pc=0x000001b0b4b06a26 sp=0x0000004c498f8340
Event: 6.524 Thread 0x000001b10f2f2ca0 DEOPT UNPACKING pc=0x000001b0bbf54242 sp=0x0000004c498f7838 mode 0
Event: 6.525 Thread 0x000001b10f2f2ca0 DEOPT PACKING pc=0x000001b0b4b06a26 sp=0x0000004c498f8340
Event: 6.525 Thread 0x000001b10f2f2ca0 DEOPT UNPACKING pc=0x000001b0bbf54242 sp=0x0000004c498f7838 mode 0
Event: 6.526 Thread 0x000001b10f2f2ca0 DEOPT PACKING pc=0x000001b0b4b06a26 sp=0x0000004c498f8340
Event: 6.526 Thread 0x000001b10f2f2ca0 DEOPT UNPACKING pc=0x000001b0bbf54242 sp=0x0000004c498f7838 mode 0

Classes loaded (20 events):
Event: 5.452 Loading class java/net/SocketException done
Event: 5.452 Loading class java/net/UnknownHostException
Event: 5.452 Loading class java/net/UnknownHostException done
Event: 5.452 Loading class java/net/ProtocolException
Event: 5.453 Loading class java/net/ProtocolException done
Event: 5.479 Loading class java/lang/ThreadLocal$SuppliedThreadLocal
Event: 5.479 Loading class java/lang/ThreadLocal$SuppliedThreadLocal done
Event: 5.495 Loading class java/io/FileWriter
Event: 5.495 Loading class java/io/FileWriter done
Event: 5.507 Loading class java/lang/NegativeArraySizeException
Event: 5.507 Loading class java/lang/NegativeArraySizeException done
Event: 6.341 Loading class org/w3c/dom/DOMException
Event: 6.341 Loading class org/w3c/dom/DOMException done
Event: 6.552 Loading class sun/nio/fs/WindowsSecurityDescriptor
Event: 6.553 Loading class sun/nio/fs/WindowsSecurityDescriptor done
Event: 6.554 Loading class java/nio/channels/Channels
Event: 6.554 Loading class java/nio/channels/Channels done
Event: 6.555 Loading class sun/nio/ch/Streams
Event: 6.556 Loading class sun/nio/ch/Streams done
Event: 6.556 Loading class sun/nio/ch/SocketChannelImpl

Classes unloaded (7 events):
Event: 6.089 Thread 0x000001b0b1721600 Unloading class 0x000001b0ca18cc00 'java/lang/invoke/LambdaForm$MH+0x000001b0ca18cc00'
Event: 6.089 Thread 0x000001b0b1721600 Unloading class 0x000001b0ca18c800 'java/lang/invoke/LambdaForm$MH+0x000001b0ca18c800'
Event: 6.089 Thread 0x000001b0b1721600 Unloading class 0x000001b0ca18c400 'java/lang/invoke/LambdaForm$MH+0x000001b0ca18c400'
Event: 6.089 Thread 0x000001b0b1721600 Unloading class 0x000001b0ca18c000 'java/lang/invoke/LambdaForm$MH+0x000001b0ca18c000'
Event: 6.089 Thread 0x000001b0b1721600 Unloading class 0x000001b0ca18bc00 'java/lang/invoke/LambdaForm$BMH+0x000001b0ca18bc00'
Event: 6.089 Thread 0x000001b0b1721600 Unloading class 0x000001b0ca18b800 'java/lang/invoke/LambdaForm$DMH+0x000001b0ca18b800'
Event: 6.089 Thread 0x000001b0b1721600 Unloading class 0x000001b0ca18a400 'java/lang/invoke/LambdaForm$DMH+0x000001b0ca18a400'

Classes redefined (0 events):
No events

Internal exceptions (20 events):
Event: 4.985 Thread 0x000001b10f2f2ca0 Exception <a 'java/lang/NoSuchMethodError'{0x00000000d59f93e0}: 'void java.lang.invoke.DelegatingMethodHandle$Holder.reinvoke_L(java.lang.Object, java.lang.Object, int)'> (0x00000000d59f93e0) 
thrown [s\src\hotspot\share\interpreter\linkResolver.cpp, line 773]
Event: 4.986 Thread 0x000001b10f2f2ca0 Exception <a 'java/lang/NoSuchMethodError'{0x00000000d5a000c8}: 'int java.lang.invoke.Invokers$Holder.invokeExact_MT(java.lang.Object, java.lang.Object, java.lang.Object)'> (0x00000000d5a000c8) 
thrown [s\src\hotspot\share\interpreter\linkResolver.cpp, line 773]
Event: 5.032 Thread 0x000001b10f2f2ca0 Exception <a 'java/lang/NoSuchMethodError'{0x00000000d5af28c8}: 'void java.lang.invoke.Invokers$Holder.invokeExact_MT(java.lang.Object, java.lang.Object, int, java.lang.Object)'> (0x00000000d5af28c8) 
thrown [s\src\hotspot\share\interpreter\linkResolver.cpp, line 773]
Event: 5.086 Thread 0x000001b10f2f2ca0 Exception <a 'java/lang/NoSuchMethodError'{0x00000000d5bffd40}: 'java.lang.Object java.lang.invoke.DirectMethodHandle$Holder.invokeSpecial(java.lang.Object, java.lang.Object, java.lang.Object, long, java.lang.Object)'> (0x00000000d5bffd40) 
thrown [s\src\hotspot\share\interpreter\linkResolver.cpp, line 773]
Event: 5.087 Thread 0x000001b10f2f2ca0 Exception <a 'java/lang/NoSuchMethodError'{0x00000000d5c07588}: 'java.lang.Object java.lang.invoke.DirectMethodHandle$Holder.newInvokeSpecial(java.lang.Object, java.lang.Object, java.lang.Object, long)'> (0x00000000d5c07588) 
thrown [s\src\hotspot\share\interpreter\linkResolver.cpp, line 773]
Event: 5.087 Thread 0x000001b10f2f2ca0 Exception <a 'java/lang/NoSuchMethodError'{0x00000000d5c0b938}: 'java.lang.Object java.lang.invoke.DirectMethodHandle$Holder.invokeSpecial(java.lang.Object, java.lang.Object, java.lang.Object, java.lang.Object, long)'> (0x00000000d5c0b938) 
thrown [s\src\hotspot\share\interpreter\linkResolver.cpp, line 773]
Event: 5.088 Thread 0x000001b10f2f2ca0 Exception <a 'java/lang/NoSuchMethodError'{0x00000000d5c0f558}: 'java.lang.Object java.lang.invoke.Invokers$Holder.linkToTargetMethod(java.lang.Object, java.lang.Object, long, java.lang.Object)'> (0x00000000d5c0f558) 
thrown [s\src\hotspot\share\interpreter\linkResolver.cpp, line 773]
Event: 5.133 Thread 0x000001b10f2f2ca0 Exception <a 'java/lang/NoSuchMethodError'{0x00000000d5c67908}: 'int java.lang.invoke.DirectMethodHandle$Holder.invokeStaticInit(java.lang.Object, java.lang.Object, java.lang.Object)'> (0x00000000d5c67908) 
thrown [s\src\hotspot\share\interpreter\linkResolver.cpp, line 773]
Event: 5.155 Thread 0x000001b10f2f2ca0 Exception <a 'java/lang/IncompatibleClassChangeError'{0x00000000d5d11550}: Found class java.lang.Object, but interface was expected> (0x00000000d5d11550) 
thrown [s\src\hotspot\share\interpreter\linkResolver.cpp, line 840]
Event: 5.183 Thread 0x000001b10f2f2ca0 Exception <a 'java/lang/NoSuchMethodError'{0x00000000d5d278b0}: 'java.lang.Object java.lang.invoke.DirectMethodHandle$Holder.invokeSpecial(java.lang.Object, java.lang.Object, java.lang.Object, int, java.lang.Object, java.lang.Object)'> (0x00000000d5d278b0) 
thrown [s\src\hotspot\share\interpreter\linkResolver.cpp, line 773]
Event: 5.185 Thread 0x000001b10f2f2ca0 Exception <a 'java/lang/NoSuchMethodError'{0x00000000d5d2f388}: 'java.lang.Object java.lang.invoke.DirectMethodHandle$Holder.newInvokeSpecial(java.lang.Object, java.lang.Object, java.lang.Object, int, java.lang.Object)'> (0x00000000d5d2f388) 
thrown [s\src\hotspot\share\interpreter\linkResolver.cpp, line 773]
Event: 5.187 Thread 0x000001b10f2f2ca0 Exception <a 'java/lang/NoSuchMethodError'{0x00000000d5d33308}: 'java.lang.Object java.lang.invoke.DirectMethodHandle$Holder.invokeSpecial(java.lang.Object, java.lang.Object, java.lang.Object, java.lang.Object, int, java.lang.Object)'> (0x00000000d5d33308) 
thrown [s\src\hotspot\share\interpreter\linkResolver.cpp, line 773]
Event: 5.188 Thread 0x000001b10f2f2ca0 Exception <a 'java/lang/NoSuchMethodError'{0x00000000d5d36e48}: 'java.lang.Object java.lang.invoke.Invokers$Holder.linkToTargetMethod(java.lang.Object, java.lang.Object, int, java.lang.Object, java.lang.Object)'> (0x00000000d5d36e48) 
thrown [s\src\hotspot\share\interpreter\linkResolver.cpp, line 773]
Event: 5.191 Thread 0x000001b110196020 Exception <a 'java/lang/NoSuchMethodError'{0x00000000d5cd1ec0}: 'java.lang.Object java.lang.invoke.DirectMethodHandle$Holder.invokeSpecial(java.lang.Object, java.lang.Object, int, java.lang.Object, java.lang.Object)'> (0x00000000d5cd1ec0) 
thrown [s\src\hotspot\share\interpreter\linkResolver.cpp, line 773]
Event: 5.191 Thread 0x000001b110196020 Exception <a 'java/lang/NoSuchMethodError'{0x00000000d5cd8bf8}: 'java.lang.Object java.lang.invoke.DirectMethodHandle$Holder.newInvokeSpecial(java.lang.Object, java.lang.Object, int, java.lang.Object)'> (0x00000000d5cd8bf8) 
thrown [s\src\hotspot\share\interpreter\linkResolver.cpp, line 773]
Event: 5.192 Thread 0x000001b110196020 Exception <a 'java/lang/NoSuchMethodError'{0x00000000d5cdc4d8}: 'java.lang.Object java.lang.invoke.DirectMethodHandle$Holder.invokeSpecial(java.lang.Object, java.lang.Object, java.lang.Object, int, java.lang.Object)'> (0x00000000d5cdc4d8) 
thrown [s\src\hotspot\share\interpreter\linkResolver.cpp, line 773]
Event: 5.270 Thread 0x000001b10f2f2ca0 Exception <a 'java/lang/NoSuchMethodError'{0x00000000d5e42a98}: 'void java.lang.invoke.DirectMethodHandle$Holder.invokeSpecial(java.lang.Object, java.lang.Object, java.lang.Object, java.lang.Object, java.lang.Object)'> (0x00000000d5e42a98) 
thrown [s\src\hotspot\share\interpreter\linkResolver.cpp, line 773]
Event: 5.272 Thread 0x000001b10f2f2ca0 Implicit null exception at 0x000001b0bc4f823d to 0x000001b0bc4f82c1
Event: 5.348 Thread 0x000001b10f2f2ca0 Exception <a 'java/lang/NoSuchMethodError'{0x00000000d606e1f8}: 'double java.lang.invoke.DirectMethodHandle$Holder.invokeStatic(java.lang.Object, java.lang.Object)'> (0x00000000d606e1f8) 
thrown [s\src\hotspot\share\interpreter\linkResolver.cpp, line 773]
Event: 5.349 Thread 0x000001b10f2f2ca0 Exception <a 'java/lang/NoSuchMethodError'{0x00000000d60718b8}: 'double java.lang.invoke.DirectMethodHandle$Holder.invokeStaticInit(java.lang.Object, java.lang.Object)'> (0x00000000d60718b8) 
thrown [s\src\hotspot\share\interpreter\linkResolver.cpp, line 773]

ZGC Phase Switch (0 events):
No events

VM Operations (20 events):
Event: 3.456 Executing VM operation: HandshakeAllThreads (Deoptimize)
Event: 3.456 Executing VM operation: HandshakeAllThreads (Deoptimize) done
Event: 3.698 Executing VM operation: ParallelGCFailedAllocation (Allocation Failure)
Event: 3.704 Executing VM operation: ParallelGCFailedAllocation (Allocation Failure) done
Event: 3.797 Executing VM operation: HandshakeAllThreads (Deoptimize)
Event: 3.797 Executing VM operation: HandshakeAllThreads (Deoptimize) done
Event: 3.807 Executing VM operation: HandshakeAllThreads (Deoptimize)
Event: 3.807 Executing VM operation: HandshakeAllThreads (Deoptimize) done
Event: 3.864 Executing VM operation: HandshakeAllThreads (Deoptimize)
Event: 3.864 Executing VM operation: HandshakeAllThreads (Deoptimize) done
Event: 4.318 Executing VM operation: ParallelGCFailedAllocation (Allocation Failure)
Event: 4.329 Executing VM operation: ParallelGCFailedAllocation (Allocation Failure) done
Event: 4.460 Executing VM operation: HandshakeAllThreads (Deoptimize)
Event: 4.460 Executing VM operation: HandshakeAllThreads (Deoptimize) done
Event: 4.967 Executing VM operation: HandshakeAllThreads (Deoptimize)
Event: 4.967 Executing VM operation: HandshakeAllThreads (Deoptimize) done
Event: 5.574 Executing VM operation: ParallelGCFailedAllocation (Allocation Failure)
Event: 5.582 Executing VM operation: ParallelGCFailedAllocation (Allocation Failure) done
Event: 6.074 Executing VM operation: CollectForMetadataAllocation (Metadata GC Threshold)
Event: 6.118 Executing VM operation: CollectForMetadataAllocation (Metadata GC Threshold) done

Memory protections (0 events):
No events

Nmethod flushes (0 events):
No events

Events (19 events):
Event: 0.048 Thread 0x000001b0b17c3fe0 Thread added: 0x000001b0b17c3fe0
Event: 0.097 Thread 0x000001b0b17c3fe0 Thread added: 0x000001b0b17301f0
Event: 0.097 Thread 0x000001b0b17c3fe0 Thread added: 0x000001b0b1733840
Event: 0.097 Thread 0x000001b0b17c3fe0 Thread added: 0x000001b0b1737110
Event: 0.097 Thread 0x000001b0b17c3fe0 Thread added: 0x000001b0b1739c70
Event: 0.098 Thread 0x000001b0b17c3fe0 Thread added: 0x000001b0b173a6c0
Event: 0.098 Thread 0x000001b0b17c3fe0 Thread added: 0x000001b0b173b110
Event: 0.098 Thread 0x000001b0b17c3fe0 Thread added: 0x000001b0b173bf40
Event: 0.098 Thread 0x000001b0b17c3fe0 Thread added: 0x000001b0b1757000
Event: 0.208 Thread 0x000001b0b17c3fe0 Thread added: 0x000001b10ac377c0
Event: 0.815 Thread 0x000001b0b17c3fe0 Thread added: 0x000001b10ac62560
Event: 2.451 Thread 0x000001b0b17c3fe0 Thread added: 0x000001b10f341910
Event: 2.746 Thread 0x000001b0b17c3fe0 Thread added: 0x000001b10f2f2020
Event: 2.755 Thread 0x000001b0b17c3fe0 Thread added: 0x000001b10f2f2ca0
Event: 3.026 Thread 0x000001b10f2f2ca0 Thread added: 0x000001b10f3abd00
Event: 3.513 Thread 0x000001b10f2f2ca0 Thread added: 0x000001b10f9ed690
Event: 5.008 Thread 0x000001b10f2f2ca0 Thread added: 0x000001b10f7d2e50
Event: 5.118 Thread 0x000001b10f2f2ca0 Thread added: 0x000001b110196020
Event: 5.195 Thread 0x000001b10f2f2ca0 Thread added: 0x000001b10f6cc6f0


Dynamic libraries:
0x00007ff6c9c30000 - 0x00007ff6c9c3e000 	c:\Users\HB\.vscode\extensions\redhat.java-1.50.0-win32-x64\jre\21.0.9-win32-x86_64\bin\java.exe
0x00007ff8c5410000 - 0x00007ff8c5608000 	C:\WINDOWS\SYSTEM32\ntdll.dll
0x00007ff8c45d0000 - 0x00007ff8c4692000 	C:\WINDOWS\System32\KERNEL32.DLL
0x00007ff8c3000000 - 0x00007ff8c32f6000 	C:\WINDOWS\System32\KERNELBASE.dll
0x00007ff8c3300000 - 0x00007ff8c3400000 	C:\WINDOWS\System32\ucrtbase.dll
0x00007ff8bbdc0000 - 0x00007ff8bbdd8000 	c:\Users\HB\.vscode\extensions\redhat.java-1.50.0-win32-x64\jre\21.0.9-win32-x86_64\bin\jli.dll
0x00007ff8c51c0000 - 0x00007ff8c5361000 	C:\WINDOWS\System32\USER32.dll
0x00007ff8c3400000 - 0x00007ff8c3422000 	C:\WINDOWS\System32\win32u.dll
0x00007ff8c3970000 - 0x00007ff8c399b000 	C:\WINDOWS\System32\GDI32.dll
0x00007ff8c2e50000 - 0x00007ff8c2f69000 	C:\WINDOWS\System32\gdi32full.dll
0x00007ff8c2d80000 - 0x00007ff8c2e1d000 	C:\WINDOWS\System32\msvcp_win.dll
0x00007ff8b7110000 - 0x00007ff8b712e000 	c:\Users\HB\.vscode\extensions\redhat.java-1.50.0-win32-x64\jre\21.0.9-win32-x86_64\bin\VCRUNTIME140.dll
0x00007ff8b07c0000 - 0x00007ff8b0a5b000 	C:\WINDOWS\WinSxS\amd64_microsoft.windows.common-controls_6595b64144ccf1df_6.0.19041.6456_none_60b8a6cb71f64256\COMCTL32.dll
0x00007ff8c4fc0000 - 0x00007ff8c505e000 	C:\WINDOWS\System32\msvcrt.dll
0x00007ff8c3940000 - 0x00007ff8c396f000 	C:\WINDOWS\System32\IMM32.DLL
0x00007ff8bd720000 - 0x00007ff8bd72c000 	c:\Users\HB\.vscode\extensions\redhat.java-1.50.0-win32-x64\jre\21.0.9-win32-x86_64\bin\vcruntime140_1.dll
0x00007ff88cad0000 - 0x00007ff88cb5d000 	c:\Users\HB\.vscode\extensions\redhat.java-1.50.0-win32-x64\jre\21.0.9-win32-x86_64\bin\msvcp140.dll
0x00007ff855fc0000 - 0x00007ff856d60000 	c:\Users\HB\.vscode\extensions\redhat.java-1.50.0-win32-x64\jre\21.0.9-win32-x86_64\bin\server\jvm.dll
0x00007ff8c5060000 - 0x00007ff8c5111000 	C:\WINDOWS\System32\ADVAPI32.dll
0x00007ff8c5120000 - 0x00007ff8c51bf000 	C:\WINDOWS\System32\sechost.dll
0x00007ff8c4a30000 - 0x00007ff8c4b50000 	C:\WINDOWS\System32\RPCRT4.dll
0x00007ff8c2e20000 - 0x00007ff8c2e47000 	C:\WINDOWS\System32\bcrypt.dll
0x00007ff8c4560000 - 0x00007ff8c45cb000 	C:\WINDOWS\System32\WS2_32.dll
0x00007ff8c2900000 - 0x00007ff8c294b000 	C:\WINDOWS\SYSTEM32\POWRPROF.dll
0x00007ff8bf030000 - 0x00007ff8bf057000 	C:\WINDOWS\SYSTEM32\WINMM.dll
0x00007ff8b9460000 - 0x00007ff8b946a000 	C:\WINDOWS\SYSTEM32\VERSION.dll
0x00007ff8c28e0000 - 0x00007ff8c28f2000 	C:\WINDOWS\SYSTEM32\UMPDC.dll
0x00007ff8c12a0000 - 0x00007ff8c12b2000 	C:\WINDOWS\SYSTEM32\kernel.appcore.dll
0x00007ff8bcae0000 - 0x00007ff8bcaea000 	c:\Users\HB\.vscode\extensions\redhat.java-1.50.0-win32-x64\jre\21.0.9-win32-x86_64\bin\jimage.dll
0x00007ff8c05e0000 - 0x00007ff8c07e1000 	C:\WINDOWS\SYSTEM32\DBGHELP.DLL
0x00007ff8a8de0000 - 0x00007ff8a8e14000 	C:\WINDOWS\SYSTEM32\dbgcore.DLL
0x00007ff8c2f70000 - 0x00007ff8c2ff2000 	C:\WINDOWS\System32\bcryptPrimitives.dll
0x00007ff8bc240000 - 0x00007ff8bc24f000 	c:\Users\HB\.vscode\extensions\redhat.java-1.50.0-win32-x64\jre\21.0.9-win32-x86_64\bin\instrument.dll
0x00007ff8b39d0000 - 0x00007ff8b39f0000 	c:\Users\HB\.vscode\extensions\redhat.java-1.50.0-win32-x64\jre\21.0.9-win32-x86_64\bin\java.dll
0x00007ff8c39a0000 - 0x00007ff8c4110000 	C:\WINDOWS\System32\SHELL32.dll
0x00007ff8c07f0000 - 0x00007ff8c0f95000 	C:\WINDOWS\SYSTEM32\windows.storage.dll
0x00007ff8c35e0000 - 0x00007ff8c3934000 	C:\WINDOWS\System32\combase.dll
0x00007ff8c23f0000 - 0x00007ff8c241b000 	C:\WINDOWS\SYSTEM32\Wldp.dll
0x00007ff8c43e0000 - 0x00007ff8c44ad000 	C:\WINDOWS\System32\OLEAUT32.dll
0x00007ff8c44b0000 - 0x00007ff8c455d000 	C:\WINDOWS\System32\SHCORE.dll
0x00007ff8c5370000 - 0x00007ff8c53cb000 	C:\WINDOWS\System32\shlwapi.dll
0x00007ff8c29d0000 - 0x00007ff8c29f4000 	C:\WINDOWS\SYSTEM32\profapi.dll
0x00007ff8b38e0000 - 0x00007ff8b38f8000 	c:\Users\HB\.vscode\extensions\redhat.java-1.50.0-win32-x64\jre\21.0.9-win32-x86_64\bin\zip.dll
0x00007ff8bbda0000 - 0x00007ff8bbdb0000 	C:\Users\HB\.vscode\extensions\redhat.java-1.50.0-win32-x64\jre\21.0.9-win32-x86_64\bin\net.dll
0x00007ff8b8f70000 - 0x00007ff8b907a000 	C:\WINDOWS\SYSTEM32\WINHTTP.dll
0x00007ff8c2150000 - 0x00007ff8c21ba000 	C:\WINDOWS\system32\mswsock.dll
0x00007ff8b36e0000 - 0x00007ff8b36f6000 	C:\Users\HB\.vscode\extensions\redhat.java-1.50.0-win32-x64\jre\21.0.9-win32-x86_64\bin\nio.dll
0x00007ff8bbcf0000 - 0x00007ff8bbd00000 	c:\Users\HB\.vscode\extensions\redhat.java-1.50.0-win32-x64\jre\21.0.9-win32-x86_64\bin\verify.dll
0x00007ff897b20000 - 0x00007ff897b64000 	C:\Users\HB\AppData\Roaming\Code\User\globalStorage\redhat.java\1.50.0\config_ss_win\org.eclipse.equinox.launcher\org.eclipse.equinox.launcher.win32.win32.x86_64_1.2.1400.v20250801-0854\eclipse_11916.dll
0x00007ff8c4110000 - 0x00007ff8c423b000 	C:\WINDOWS\System32\ole32.dll
0x00007ff8c2350000 - 0x00007ff8c2368000 	C:\WINDOWS\SYSTEM32\CRYPTSP.dll
0x00007ff8c1a40000 - 0x00007ff8c1a78000 	C:\WINDOWS\system32\rsaenh.dll
0x00007ff8c2990000 - 0x00007ff8c29be000 	C:\WINDOWS\SYSTEM32\USERENV.dll
0x00007ff8c2340000 - 0x00007ff8c234c000 	C:\WINDOWS\SYSTEM32\CRYPTBASE.dll
0x00007ff8c1e10000 - 0x00007ff8c1e4b000 	C:\WINDOWS\SYSTEM32\IPHLPAPI.DLL
0x00007ff8c48b0000 - 0x00007ff8c48b8000 	C:\WINDOWS\System32\NSI.dll
0x00007ff8b3700000 - 0x00007ff8b3749000 	C:\Users\HB\AppData\Local\Temp\jna-2298\jna14149008193446454539.dll
0x00007ff8c48a0000 - 0x00007ff8c48a8000 	C:\WINDOWS\System32\PSAPI.DLL

JVMTI agents:
c:\Users\HB\.vscode\extensions\redhat.java-1.50.0-win32-x64\lombok\lombok-1.18.39-4050.jar path:c:\Users\HB\.vscode\extensions\redhat.java-1.50.0-win32-x64\jre\21.0.9-win32-x86_64\bin\instrument.dll, loaded, initialized, instrumentlib options:none

dbghelp: loaded successfully - version: 4.0.5 - missing functions: none
symbol engine: initialized successfully - sym options: 0x614 - pdb path: .;c:\Users\HB\.vscode\extensions\redhat.java-1.50.0-win32-x64\jre\21.0.9-win32-x86_64\bin;C:\WINDOWS\SYSTEM32;C:\WINDOWS\WinSxS\amd64_microsoft.windows.common-controls_6595b64144ccf1df_6.0.19041.6456_none_60b8a6cb71f64256;c:\Users\HB\.vscode\extensions\redhat.java-1.50.0-win32-x64\jre\21.0.9-win32-x86_64\bin\server;C:\Users\HB\AppData\Roaming\Code\User\globalStorage\redhat.java\1.50.0\config_ss_win\org.eclipse.equinox.launcher\org.eclipse.equinox.launcher.win32.win32.x86_64_1.2.1400.v20250801-0854;C:\Users\HB\AppData\Local\Temp\jna-2298

VM Arguments:
jvm_args: --add-modules=ALL-SYSTEM --add-opens=java.base/java.util=ALL-UNNAMED --add-opens=java.base/java.lang=ALL-UNNAMED --add-opens=java.base/sun.nio.fs=ALL-UNNAMED -Declipse.application=org.eclipse.jdt.ls.core.id1 -Dosgi.bundles.defaultStartLevel=4 -Declipse.product=org.eclipse.jdt.ls.core.product -Djava.import.generatesMetadataFilesAtProjectRoot=false -DDetectVMInstallationsJob.disabled=true -Dfile.encoding=utf8 -XX:+UseParallelGC -XX:GCTimeRatio=4 -XX:AdaptiveSizePolicyWeight=90 -Dsun.zip.disableMemoryMapping=true -Xmx2G -Xms100m -Xlog:disable -javaagent:c:\Users\HB\.vscode\extensions\redhat.java-1.50.0-win32-x64\lombok\lombok-1.18.39-4050.jar 
java_command: c:\Users\HB\.vscode\extensions\redhat.java-1.50.0-win32-x64\server\plugins\org.eclipse.equinox.launcher_1.7.100.v20251111-0406.jar -configuration c:\Users\HB\AppData\Roaming\Code\User\globalStorage\redhat.java\1.50.0\config_ss_win -data c:\Users\HB\AppData\Roaming\Code\User\workspaceStorage\bdcaf44b64d1ad0bebbba605ad786cd5\redhat.java\ss_ws --pipe=\\.\pipe\lsp-338b57810457fe9e48a026e4447e3e41-sock
java_class_path (initial): c:\Users\HB\.vscode\extensions\redhat.java-1.50.0-win32-x64\server\plugins\org.eclipse.equinox.launcher_1.7.100.v20251111-0406.jar
Launcher Type: SUN_STANDARD

[Global flags]
    uintx AdaptiveSizePolicyWeight                 = 90                                        {product} {command line}
     intx CICompilerCount                          = 4                                         {product} {ergonomic}
    uintx GCTimeRatio                              = 4                                         {product} {command line}
   size_t InitialHeapSize                          = 104857600                                 {product} {command line}
   size_t MaxHeapSize                              = 2147483648                                {product} {command line}
   size_t MaxNewSize                               = 715653120                                 {product} {ergonomic}
   size_t MinHeapDeltaBytes                        = 524288                                    {product} {ergonomic}
   size_t MinHeapSize                              = 104857600                                 {product} {command line}
   size_t NewSize                                  = 34603008                                  {product} {ergonomic}
    uintx NonNMethodCodeHeapSize                   = 5839372                                {pd product} {ergonomic}
    uintx NonProfiledCodeHeapSize                  = 122909434                              {pd product} {ergonomic}
   size_t OldSize                                  = 70254592                                  {product} {ergonomic}
    uintx ProfiledCodeHeapSize                     = 122909434                              {pd product} {ergonomic}
    uintx ReservedCodeCacheSize                    = 251658240                              {pd product} {ergonomic}
     bool SegmentedCodeCache                       = true                                      {product} {ergonomic}
   size_t SoftMaxHeapSize                          = 2147483648                             {manageable} {ergonomic}
     bool UseCompressedOops                        = true                           {product lp64_product} {ergonomic}
     bool UseLargePagesIndividualAllocation        = false                                  {pd product} {ergonomic}
     bool UseParallelGC                            = true                                      {product} {command line}

Logging:
Log output configuration:
 #0: stdout all=off uptime,level,tags foldmultilines=false
 #1: stderr all=off uptime,level,tags foldmultilines=false

Release file:
JAVA_VERSION="21.0.9" 
MODULES="java.base java.compiler java.datatransfer java.xml java.prefs java.desktop java.instrument java.logging java.management java.security.sasl java.naming java.rmi java.management.rmi java.net.http java.scripting java.security.jgss java.transaction.xa java.sql java.sql.rowset java.xml.crypto java.se java.smartcardio jdk.accessibility jdk.internal.jvmstat jdk.attach jdk.charsets jdk.internal.opt jdk.zipfs jdk.compiler jdk.crypto.ec jdk.crypto.cryptoki jdk.crypto.mscapi jdk.dynalink jdk.internal.ed jdk.editpad jdk.hotspot.agent jdk.httpserver jdk.internal.le jdk.internal.vm.ci jdk.internal.vm.compiler jdk.internal.vm.compiler.management jdk.jartool jdk.javadoc jdk.jcmd jdk.management jdk.management.agent jdk.jconsole jdk.jdeps jdk.jdwp.agent jdk.jdi jdk.jfr jdk.jshell jdk.jsobject jdk.jstatd jdk.localedata jdk.management.jfr jdk.naming.dns jdk.naming.rmi jdk.net jdk.nio.mapmode jdk.random jdk.sctp jdk.security.auth jdk.security.jgss jdk.unsupported jdk.unsupported.desktop jdk.xml.dom" 

Environment Variables:
PATH=C:\Program Files\Eclipse Adoptium\jdk-21.0.6.7-hotspot\bin;C:\Program Files\Common Files\Oracle\Java\javapath;C:\Program Files (x86)\Embarcadero\Studio\23.0\bin;C:\Users\Public\Documents\Embarcadero\Studio\23.0\Bpl;C:\Program Files (x86)\Embarcadero\Studio\23.0\bin64;C:\Users\Public\Documents\Embarcadero\Studio\23.0\Bpl\Win64;C:\Program Files (x86)\Common Files\Oracle\Java\java8path;C:\Program Files (x86)\Common Files\Oracle\Java\javapath;C:\WINDOWS\system32;C:\WINDOWS;C:\WINDOWS\System32\Wbem;C:\WINDOWS\System32\WindowsPowerShell\v1.0\;C:\WINDOWS\System32\OpenSSH\;C:\Program Files\Git\cmd;C:\Program Files\php\php-8.3.26-Win32-vs16-x64;C:\ProgramData\ComposerSetup\bin;C:\Program Files\Go\bin;C:\ProgramData\chocolatey\bin;C:\Users\HB\AppData\Local\nvm;C:\nvm4w\nodejs;C:\Program Files\OpenSSL-Win64\bin;C:\Program Files\Docker\Docker\resources\bin;C:\Users\HB\scoop\apps\maven\current\bin;C:\Users\HB\AppData\Local\Programs\Python\Python313\Scripts\;C:\Users\HB\AppData\Local\Programs\Python\Python313\;C:\Users\HB\scoop\shims;C:\Users\HB\AppData\Local\Microsoft\WindowsApps;C:\Users\HB\AppData\Local\Programs\Microsoft VS Code\bin;C:\Program Files\JetBrains\PhpStorm 2024.3.3\bin;;C:\Users\HB\AppData\Roaming\Composer\vendor\bin;C:\Users\HB\go\bin;C:\Users\HB\AppData\Roaming\npm;C:\ProgramData\mingw64\mingw64\bin;C:\Users\HB\AppData\Local\nvm;C:\nvm4w\nodejs
USERNAME=HB
OS=Windows_NT
PROCESSOR_IDENTIFIER=AMD64 Family 23 Model 24 Stepping 1, AuthenticAMD
TMP=C:\Users\HB\AppData\Local\Temp
TEMP=C:\Users\HB\AppData\Local\Temp




Periodic native trim disabled

---------------  S Y S T E M  ---------------

OS:
 Windows 10 , 64 bit Build 19041 (10.0.19041.5915)
OS uptime: 16 days 21:16 hours
Hyper-V role detected

CPU: total 8 (initial active 8) (8 cores per cpu, 2 threads per core) family 23 model 24 stepping 1 microcode 0x0, cx8, cmov, fxsr, ht, mmx, 3dnowpref, sse, sse2, sse3, ssse3, sse4a, sse4.1, sse4.2, popcnt, lzcnt, tsc, tscinvbit, avx, avx2, aes, clmul, bmi1, bmi2, adx, sha, fma, vzeroupper, clflush, clflushopt, hv, rdtscp, f16c
Processor Information for the first 8 processors :
  Max Mhz: 2100, Current Mhz: 2100, Mhz Limit: 2100

Memory: 4k page, system-wide physical 7103M (159M free)
TotalPageFile size 28607M (AvailPageFile size 8M)
current process WorkingSet (physical memory assigned to process): 146M, peak: 147M
current process commit charge ("private bytes"): 277M, peak: 286M

vm_info: OpenJDK 64-Bit Server VM (21.0.9+10-LTS) for windows-amd64 JRE (21.0.9+10-LTS), built on 2025-10-21T00:00:00Z by "admin" with unknown MS VC++:1942

END.
